Log file open, 01/19/18 11:02:39
LogInit:Display: Running engine for game: Terreno_01
LogPlatformFile: Not using cached read wrapper
LogInit:Display: RandInit(-1546251491) SRandInit(-1546251491).
LogTaskGraph: Started task graph with 5 named threads and 6 total threads with 1 sets of task threads.
LogStats: Stats thread started at 0.092104
LogInit: Using libcurl 7.47.1
LogInit:  - built for x86_64-pc-win32
LogInit:  - supports SSL with OpenSSL/1.0.2g
LogInit:  - supports HTTP deflate (compression) using libz 1.2.8
LogInit:  - other features:
LogInit:      CURL_VERSION_SSL
LogInit:      CURL_VERSION_LIBZ
LogInit:      CURL_VERSION_IPV6
LogInit:      CURL_VERSION_ASYNCHDNS
LogInit:      CURL_VERSION_LARGEFILE
LogInit:      CURL_VERSION_IDN
LogInit:  CurlRequestOptions (configurable via config and command line):
LogInit:  - bVerifyPeer = false  - Libcurl will NOT verify peer certificate
LogInit:  - bUseHttpProxy = false  - Libcurl will NOT use HTTP proxy
LogInit:  - bDontReuseConnections = false  - Libcurl will reuse connections
LogInit:  - CertBundlePath = nullptr  - Libcurl will use whatever was configured at build time.
LogInit: Build: ++UE4+Release-4.15-CL-3450819
LogInit: Engine Version: 4.15.3-3450819+++UE4+Release-4.15
LogInit: Compatible Engine Version: 4.15.0-3299760+++UE4+Release-4.15
LogInit: Net CL: 3299760
LogDevObjectVersion: Number of dev versions registered: 14
LogDevObjectVersion:   Dev-Blueprints (B0D832E4-1F89-4F0D-ACCF-7EB736FD4AA2): 8
LogDevObjectVersion:   Dev-Build (E1C64328-A22C-4D53-A36C-8E866417BD8C): 0
LogDevObjectVersion:   Dev-Core (375EC13C-06E4-48FB-B500-84F0262A717E): 2
LogDevObjectVersion:   Dev-Editor (E4B068ED-F494-42E9-A231-DA0B2E46BB41): 14
LogDevObjectVersion:   Dev-Framework (CFFC743F-43B0-4480-9391-14DF171D2073): 22
LogDevObjectVersion:   Dev-Mobile (B02B49B5-BB20-44E9-A304-32B752E40360): 0
LogDevObjectVersion:   Dev-Networking (A4E4105C-59A1-49B5-A7C5-40C4547EDFEE): 0
LogDevObjectVersion:   Dev-Online (39C831C9-5AE6-47DC-9A44-9C173E1C8E7C): 0
LogDevObjectVersion:   Dev-Physics (78F01B33-EBEA-4F98-B9B4-84EACCB95AA2): 0
LogDevObjectVersion:   Dev-Platform (6631380F-2D4D-43E0-8009-CF276956A95A): 0
LogDevObjectVersion:   Dev-Rendering (12F88B9F-8875-4AFC-A67C-D90C383ABD29): 12
LogDevObjectVersion:   Dev-Sequencer (7B5AE74C-D270-4C10-A958-57980B212A5A): 3
LogDevObjectVersion:   Dev-VR (D7296918-1DD6-4BDD-9DE2-64A83CC13884): 0
LogDevObjectVersion:   Dev-LoadTimes (C2A15278-BFE7-4AFE-6C17-90FF531DF755): 1
LogInit: Compiled (64-bit): May 21 2017 11:02:34
LogInit: Compiled with Visual C++: 19.00.23026.00
LogInit: Build Configuration: Development
LogInit: Branch Name: ++UE4+Release-4.15
LogInit: Command line:  
LogInit: Base directory: C:/EPICS/UE_4.15/Engine/Binaries/Win64/
LogInit: Installed Engine Build: 1
LogInit: Presizing for max 8388607 objects, including 0 objects not considered by GC, pre-allocating 0 bytes for permanent pool.
LogInit: Object subsystem initialized
[2018.01.19-10.02.41:981][  0]LogInit: Selected Device Profile: [Windows]
[2018.01.19-10.02.41:981][  0]LogInit: Applying CVar settings loaded from the selected device profile: [Windows]
[2018.01.19-10.02.42:040][  0]LogInit: Computer: NB-025-06
[2018.01.19-10.02.42:040][  0]LogInit: User: pguardia
[2018.01.19-10.02.42:040][  0]LogInit: CPU Page size=65536, Cores=2
[2018.01.19-10.02.42:040][  0]LogInit: High frequency timer resolution =2.437502 MHz
[2018.01.19-10.02.42:041][  0]LogMemory: Memory total: Physical=7.9GB (8GB approx)
[2018.01.19-10.02.42:041][  0]LogMemory: Platform Memory Stats for Windows
[2018.01.19-10.02.42:041][  0]LogMemory: Process Physical Memory: 261.45 MB used, 261.45 MB peak
[2018.01.19-10.02.42:041][  0]LogMemory: Process Virtual Memory: 261.99 MB used, 261.99 MB peak
[2018.01.19-10.02.42:041][  0]LogMemory: Physical Memory: 2859.39 MB used,  5257.71 MB free, 8117.11 MB total
[2018.01.19-10.02.42:041][  0]LogMemory: Virtual Memory: 676.42 MB used,  5257.71 MB free, 134217728.00 MB total
[2018.01.19-10.02.42:352][  0]LogTextLocalizationManager: No specific translations for ('es-ES') exist, so ('es') translations will be used.
[2018.01.19-10.02.46:880][  0]LogD3D11RHI: D3D11 adapters:
[2018.01.19-10.02.46:892][  0]LogD3D11RHI:    0. 'Intel(R) HD Graphics 520' (Feature Level 11_0)
[2018.01.19-10.02.46:892][  0]LogD3D11RHI:       128/0/4058 MB DedicatedVideo/DedicatedSystem/SharedSystem, Outputs:2, VendorId:0x8086
[2018.01.19-10.02.46:899][  0]LogD3D11RHI:    1. 'Microsoft Basic Render Driver' (Feature Level 11_0)
[2018.01.19-10.02.46:899][  0]LogD3D11RHI:       0/0/4058 MB DedicatedVideo/DedicatedSystem/SharedSystem, Outputs:0, VendorId:0x1414
[2018.01.19-10.02.46:899][  0]LogD3D11RHI: Chosen D3D11 Adapter: 0
[2018.01.19-10.02.46:907][  0]LogD3D11RHI: Creating new Direct3DDevice
[2018.01.19-10.02.46:907][  0]LogD3D11RHI:     GPU DeviceId: 0x1916 (for the marketing name, search the web for "GPU Device Id")
[2018.01.19-10.02.46:907][  0]LogWindows: EnumDisplayDevices:
[2018.01.19-10.02.46:907][  0]LogWindows:    0. 'Intel(R) HD Graphics 520' (P:1 D:1)
[2018.01.19-10.02.46:908][  0]LogWindows:    1. 'Intel(R) HD Graphics 520' (P:0 D:1)
[2018.01.19-10.02.46:908][  0]LogWindows:    2. 'Intel(R) HD Graphics 520' (P:0 D:0)
[2018.01.19-10.02.46:909][  0]LogWindows: DebugString: GetVideoDriverDetailsInvalid PrimaryIsNotTheChoosenAdapter GetVideoDriverDetailsInvalid PrimaryIsNotTheChoosenAdapter GetVideoDriverDetailsInvalid PrimaryIsNotTheChoosenAdapter FoundDriverCount:0 
[2018.01.19-10.02.46:909][  0]LogD3D11RHI:     Adapter Name: Intel(R) HD Graphics 520
[2018.01.19-10.02.46:909][  0]LogD3D11RHI:   Driver Version: Unknown (internal:Unknown, unified:Unknown)
[2018.01.19-10.02.46:909][  0]LogD3D11RHI:      Driver Date: Unknown
[2018.01.19-10.02.46:909][  0]LogRHI: Texture pool is 1361 MB (70% of 1945 MB)
[2018.01.19-10.02.46:917][  0]LogD3D11RHI: Async texture creation enabled
[2018.01.19-10.02.46:932][  0]LogD3D11RHI: GPU Timing Frequency: 12.000000 (Debug: 2 0)
[2018.01.19-10.02.46:934][  0]LogShaderCompilers: Guid format shader working directory is -17 characters bigger than the processId version (../../../../../Users/pguardia/Documents/Unreal Projects/Terreno_01/Intermediate/Shaders/WorkingDirectory/5556/).
[2018.01.19-10.02.46:934][  0]LogShaderCompilers: Cleaned the shader compiler working directory 'C:/Users/pguardia/AppData/Local/Temp/UnrealShaderWorkingDir/7F143D6A4572B09847825A9A490304CF/'.
[2018.01.19-10.02.46:934][  0]LogShaderCompilers:Display: Using Local Shader Compiler.
[2018.01.19-10.02.50:876][  0]LogTemp:Display: Loaded TP AllDesktopTargetPlatform
[2018.01.19-10.02.50:990][  0]LogTemp:Display: Loaded TP MacClientTargetPlatform
[2018.01.19-10.02.51:113][  0]LogTemp:Display: Loaded TP MacNoEditorTargetPlatform
[2018.01.19-10.02.51:229][  0]LogTemp:Display: Loaded TP MacServerTargetPlatform
[2018.01.19-10.02.51:352][  0]LogTemp:Display: Loaded TP MacTargetPlatform
[2018.01.19-10.02.51:464][  0]LogTemp:Display: Loaded TP WindowsClientTargetPlatform
[2018.01.19-10.02.51:580][  0]LogTemp:Display: Loaded TP WindowsNoEditorTargetPlatform
[2018.01.19-10.02.51:692][  0]LogTemp:Display: Loaded TP WindowsServerTargetPlatform
[2018.01.19-10.02.51:793][  0]LogTemp:Display: Loaded TP WindowsTargetPlatform
[2018.01.19-10.02.51:906][  0]LogTemp:Display: Loaded TP AndroidTargetPlatform
[2018.01.19-10.02.52:015][  0]LogTemp:Display: Loaded TP Android_ASTCTargetPlatform
[2018.01.19-10.02.52:128][  0]LogTemp:Display: Loaded TP Android_ATCTargetPlatform
[2018.01.19-10.02.52:249][  0]LogTemp:Display: Loaded TP Android_DXTTargetPlatform
[2018.01.19-10.02.52:360][  0]LogTemp:Display: Loaded TP Android_ETC1TargetPlatform
[2018.01.19-10.02.52:473][  0]LogTemp:Display: Loaded TP Android_ETC2TargetPlatform
[2018.01.19-10.02.52:698][  0]LogTemp:Display: Loaded TP Android_MultiTargetPlatform
[2018.01.19-10.02.52:698][  0]LogTemp:Display: Loaded TP Android_PVRTCTargetPlatform
[2018.01.19-10.02.52:790][  0]LogTemp:Display: Loaded TP HTML5TargetPlatform
[2018.01.19-10.02.52:981][  0]LogTemp:Display: Loaded TP IOSTargetPlatform
[2018.01.19-10.02.53:048][  0]LogTemp:Display: Loaded TP TVOSTargetPlatform
[2018.01.19-10.02.53:159][  0]LogTemp:Display: Loaded TP LinuxClientTargetPlatform
[2018.01.19-10.02.53:281][  0]LogTemp:Display: Loaded TP LinuxNoEditorTargetPlatform
[2018.01.19-10.02.53:391][  0]LogTemp:Display: Loaded TP LinuxServerTargetPlatform
[2018.01.19-10.02.53:510][  0]LogTemp:Display: Loaded TP LinuxTargetPlatform
[2018.01.19-10.02.53:510][  0]LogTargetPlatformManager:Display: Building Assets For Windows
[2018.01.19-10.02.54:546][  0]LogDerivedDataCache:Display: Max Cache Size: 512 MB
[2018.01.19-10.02.54:786][  0]LogDerivedDataCache: Loaded boot cache 0.24s 50MB C:/Users/pguardia/AppData/Local/UnrealEngine/4.15/DerivedDataCache/Boot.ddc.
[2018.01.19-10.02.54:786][  0]LogDerivedDataCache:Display: Loaded Boot cache: C:/Users/pguardia/AppData/Local/UnrealEngine/4.15/DerivedDataCache/Boot.ddc
[2018.01.19-10.02.54:786][  0]LogDerivedDataCache: FDerivedDataBackendGraph:  Pak pak cache file ../../../../../Users/pguardia/Documents/Unreal Projects/Terreno_01/DerivedDataCache/DDC.ddp not found, will not use a pak cache.
[2018.01.19-10.02.54:786][  0]LogDerivedDataCache: Unable to find inner node Pak for hierarchical cache Hierarchy.
[2018.01.19-10.02.54:786][  0]LogDerivedDataCache: FDerivedDataBackendGraph:  CompressedPak pak cache file ../../../../../Users/pguardia/Documents/Unreal Projects/Terreno_01/DerivedDataCache/Compressed.ddp not found, will not use a pak cache.
[2018.01.19-10.02.54:786][  0]LogDerivedDataCache: Unable to find inner node CompressedPak for hierarchical cache Hierarchy.
[2018.01.19-10.02.54:811][  0]LogDerivedDataCache:Display: Pak cache opened for reading ../../../Engine/DerivedDataCache/Compressed.ddp.
[2018.01.19-10.02.54:825][  0]LogDerivedDataCache: Using Local data cache path C:/Users/pguardia/AppData/Local/UnrealEngine/Common/DerivedDataCache: Writable
[2018.01.19-10.02.54:839][  0]LogSlate: Using Freetype 2.6.0
[2018.01.19-10.02.54:855][  0]LogSlate: SlateFontCache - WITH_FREETYPE: 1, WITH_HARFBUZZ: 1
[2018.01.19-10.02.54:855][  0]LogSlate: SlateFontCache - WITH_FREETYPE: 1, WITH_HARFBUZZ: 1
[2018.01.19-10.02.55:977][  0]LogInit: Selected Device Profile: [Windows]
[2018.01.19-10.02.55:982][  0]LogContentStreaming: Texture pool size is 0.00 MB
[2018.01.19-10.02.56:473][  0]LogMeshUtilities: Using QuadricMeshReduction for automatic static mesh reduction
[2018.01.19-10.02.56:599][  0]LogSimplygon: Simplygon DLL not present - disabling.
[2018.01.19-10.02.56:734][  0]LogMeshUtilities: Using SimplygonSwarm for distributed automatic mesh merging
[2018.01.19-10.02.56:734][  0]LogMeshUtilities: No automatic skeletal mesh reduction module available
[2018.01.19-10.02.56:734][  0]LogMeshUtilities: No automatic mesh merging module available
[2018.01.19-10.02.57:977][  0]LogNetVersion: GetLocalNetworkVersion: CL: 3299760, ProjectName: terreno_01, ProjectVersion: , EngineNetworkVersion: 2, GameNetworkVersion: 0, NetworkChecksum: 1947591283
[2018.01.19-10.02.58:065][  0]LogAssetRegistry: FAssetRegistry took 0.0222 seconds to start up
[2018.01.19-10.02.58:231][  0]LogPackageLocalizationCache: Processed 3 localized package path(s) for 2 prioritized culture(s) in 0.088675 seconds
[2018.01.19-10.02.58:248][  0]LogUObjectArray: 32493 objects as part of root set at end of initial load.
[2018.01.19-10.02.58:248][  0]LogUObjectAllocator: 7077024 out of 0 bytes used by permanent object pool.
[2018.01.19-10.02.58:248][  0]LogUObjectArray: CloseDisregardForGC: 0/0 objects in disregard for GC pool
[2018.01.19-10.02.58:436][  0]LogInit: WinSock: version 1.1 (2.2), MaxSocks=32767, MaxUdp=65467
[2018.01.19-10.03.05:851][  0]LogTcpMessaging: Initializing TcpMessaging bridge
[2018.01.19-10.03.05:929][  0]LogUdpMessaging: Initializing bridge on interface 0.0.0.0:0 to multicast group 230.0.0.1:6666.
[2018.01.19-10.03.07:065][  0]LogMaterial: Uniform references updated for custom material expression Custom.
[2018.01.19-10.03.07:944][  0]SourceControl: Información El control de código fuente está desactivado
[2018.01.19-10.03.07:946][  0]SourceControl: Información El control de código fuente está desactivado
[2018.01.19-10.03.08:064][  0]SourceControl: Información El control de código fuente está desactivado
[2018.01.19-10.03.08:190][  0]SourceControl: Información El control de código fuente está desactivado
[2018.01.19-10.03.08:915][  0]LogLinker:Warning: No puede encontrar el archivo '/Game/FirstPersonBP/FirstPersonOverview'
[2018.01.19-10.03.08:916][  0]LogLinker:Warning: No puede encontrar el archivo '/Game/FirstPersonBP/FirstPersonOverview'
[2018.01.19-10.03.08:916][  0]LogUObjectGlobals:Warning: Error al encontrar el objeto 'Class /Game/FirstPersonBP/FirstPersonOverview.FirstPersonOverview_C'
[2018.01.19-10.03.11:081][  0]LogEngine: Initializing Engine...
[2018.01.19-10.03.11:082][  0]LogHMD: Failed to initialize OpenVR with code 110
[2018.01.19-10.03.11:249][  0]LogStats: UGameplayTagsManager::ConstructGameplayTagTree: Construct from data asset -  0.000 s
[2018.01.19-10.03.11:249][  0]LogStats: UGameplayTagsManager::ConstructGameplayTagTree: GameplayTagTreeChangedEvent.Broadcast -  0.000 s
[2018.01.19-10.03.11:530][  0]LogAIModule: Creating AISystem for world Untitled
[2018.01.19-10.03.11:567][  0]LogInit: XAudio2 using 'Altavoces (Surface Dock)' : 2 channels at 48 kHz using 16 bits per sample (channel mask 0x3)
[2018.01.19-10.03.11:623][  0]LogInit: FAudioDevice initialized.
[2018.01.19-10.03.11:663][  0]LogDerivedDataCache: Saved boot cache 0.04s 50MB C:/Users/pguardia/AppData/Local/UnrealEngine/4.15/DerivedDataCache/Boot.ddc.
[2018.01.19-10.03.11:677][  0]LogInit: Texture streaming: Enabled
[2018.01.19-10.03.11:906][  0]LogEngineSessionManager: EngineSessionManager initialized
[2018.01.19-10.03.11:907][  0]LogEngineSessionManager: EngineSessionManager sent abnormal shutdown report. Type=AbnormalShutdown, SessionId={8BF4B1C5-48EE-D57F-362C-9FB9A73B3DD4}
[2018.01.19-10.03.12:116][  0]LogInit: Transaction tracking system initialized
[2018.01.19-10.03.12:940][  0]BlueprintLog: New page: Cargar el editor
[2018.01.19-10.03.15:110][  0]LocalizationService: Información Localization service is disabled
[2018.01.19-10.03.16:990][  0]LogConsoleResponse:Display: 
[2018.01.19-10.03.17:240][  0]LogCook:Display: Max memory allowance for cook 16384mb min free memory 0mb
[2018.01.19-10.03.17:240][  0]LogCook:Display: Mobile HDR setting 1
[2018.01.19-10.03.17:574][  0]LogFileCache: Scanning file cache for directory 'C:/Users/pguardia/Documents/Unreal Projects/Terreno_01/Content/' took 0.02s
[2018.01.19-10.03.19:761][  0]SourceControl: Información El control de código fuente está desactivado
[2018.01.19-10.03.19:761][  0]Cmd: MAP LOAD FILE="../../../Engine/Content/Maps/Templates/Template_Default.umap" TEMPLATE=1 SHOWPROGRESS=1 FEATURELEVEL=3
[2018.01.19-10.03.19:771][  0]LightingResults: New page: Diseñar la iluminación
[2018.01.19-10.03.19:867][  0]MapCheck: New page: Revisión del mapa
[2018.01.19-10.03.19:867][  0]LightingResults: New page: Diseñar la iluminación
[2018.01.19-10.03.20:190][  0]LogAIModule: Creating AISystem for world Untitled_1
[2018.01.19-10.03.20:216][  0]LogActorComponent: RegisterComponentWithWorld: (/Temp/Untitled_1.Untitled_1:PersistentLevel.WorldSettings_1.StaticMeshComponent0) Trying to register component with IsPendingKill() == true. Aborting.
[2018.01.19-10.03.20:223][  0]LogEditorServer: Finished looking for orphan Actors (0.000 secs)
[2018.01.19-10.03.20:239][  0]Cmd: MAP CHECKDEP NOCLEARLOG
[2018.01.19-10.03.20:327][  0]MapCheck: Información Map check complete: 0 Error(s), 0 Warning(s), took 87,832ms to complete.
[2018.01.19-10.03.20:327][  0]LogFileHelpers: Loading map 'Template_Default' took 0.566
[2018.01.19-10.03.20:697][  0]LogCollectionManager: Loaded 0 collections in 0.002412 seconds
[2018.01.19-10.03.20:860][  0]LogFileCache: Scanning file cache for directory 'C:/Users/pguardia/Documents/Unreal Projects/Terreno_01/Saved/Collections/' took 0.01s
[2018.01.19-10.03.20:860][  0]LogFileCache: Scanning file cache for directory 'C:/Users/pguardia/Documents/Unreal Projects/Terreno_01/Content/Developers/pguardia/Collections/' took 0.01s
[2018.01.19-10.03.20:860][  0]LogFileCache: Scanning file cache for directory 'C:/Users/pguardia/Documents/Unreal Projects/Terreno_01/Content/Collections/' took 0.01s
[2018.01.19-10.03.20:860][  0]LogCollectionManager: Rebuilt the GUID cache for 0 collections in 0.000003 seconds
[2018.01.19-10.03.20:874][  0]LogContentBrowser: Native class hierarchy populated in 0.0132 seconds. Added 2245 classes and 453 folders.
[2018.01.19-10.03.21:025][  0]LogContentBrowser: Native class hierarchy updated for 'WidgetCarousel' in 0.0007 seconds. Added 0 classes and 0 folders.
[2018.01.19-10.03.21:621][  0]LogContentBrowser: Native class hierarchy updated for 'AddContentDialog' in 0.0007 seconds. Added 0 classes and 0 folders.
[2018.01.19-10.03.21:720][  0]LogContentBrowser: Native class hierarchy updated for 'SceneOutliner' in 0.0007 seconds. Added 1 classes and 2 folders.
[2018.01.19-10.03.21:887][  0]LogCrashTracker: Crashtracker disabled due to settings.
[2018.01.19-10.03.21:901][  0]LogUObjectGlobals:Warning: Error al encontrar el objeto 'Class Ninguno.'
[2018.01.19-10.03.22:034][  0]LogContentBrowser: Native class hierarchy updated for 'HierarchicalLODOutliner' in 0.0008 seconds. Added 1 classes and 2 folders.
[2018.01.19-10.03.22:034][  0]LogLoad: (Engine Initialization) Total time: 45.03 seconds
[2018.01.19-10.03.22:034][  0]LogLoad: (Engine Initialization) Total Blueprint compile time: 0.22 seconds
[2018.01.19-10.03.22:034][  0]LogExternalProfiler: No external profilers were discovered.  External profiling features will not be available.
[2018.01.19-10.03.22:056][  0]LogOcInput: OculusInput pre-init called
[2018.01.19-10.03.22:078][  0]LogContentStreaming: Texture pool size now 400 MB
[2018.01.19-10.03.22:089][  0]LogSlate: Took 0.009879 seconds to synchronously load lazily loaded font '../../../Engine/Content/Slate/Fonts/Roboto-Regular.ttf' (155K)
[2018.01.19-10.03.22:103][  0]LogSlate: Took 0.009503 seconds to synchronously load lazily loaded font '../../../Engine/Content/Slate/Fonts/Roboto-Bold.ttf' (160K)
[2018.01.19-10.03.22:119][  0]LogSlate: Took 0.008600 seconds to synchronously load lazily loaded font '../../../Engine/Content/Editor/Slate/Fonts/FontAwesome.ttf' (139K)
[2018.01.19-10.03.22:296][  0]LogSlate: Took 0.014535 seconds to synchronously load lazily loaded font '../../../Engine/Content/Slate/Fonts/Roboto-Light.ttf' (159K)
[2018.01.19-10.03.22:370][  0]LogRenderer: Reallocating scene render targets to support 860x576 NumSamples 1 (Frame:2).
[2018.01.19-10.03.23:175][  2]LogAssetRegistry: Asset discovery search completed in 25.1320 seconds
[2018.01.19-10.03.23:175][  2]LogCollectionManager: Rebuilt the object cache for 0 collections in 0.000013 seconds (found 0 objects)
[2018.01.19-10.03.23:175][  2]LogCollectionManager: Fixed up redirectors for 0 collections in 0.000038 seconds (updated 0 objects)
[2018.01.19-10.03.40:406][426]LogSlate: Took 0.000430 seconds to synchronously load lazily loaded font '../../../Engine/Content/Slate/Fonts/Roboto-Light.ttf' (159K)
[2018.01.19-10.03.40:749][426]LogFactory: FactoryCreateFile: StaticMesh with FbxFactory (0 0 ../../../../../Users/pguardia/Downloads/Txurruka.obj)
[2018.01.19-10.03.41:083][426]LogFbx: Loading FBX Scene from ../../../../../Users/pguardia/Downloads/Txurruka.obj
[2018.01.19-10.03.51:115][426]LogFbx: FBX Scene Loaded Succesfully
[2018.01.19-10.03.51:161][426]LogSlate: Took 0.000209 seconds to synchronously load lazily loaded font '../../../Engine/Content/Slate/Fonts/Roboto-Regular.ttf' (155K)
[2018.01.19-10.03.56:126][426]LogFbx: Loading FBX Scene from ../../../../../Users/pguardia/Downloads/Txurruka.obj
[2018.01.19-10.04.06:010][426]LogFbx: FBX Scene Loaded Succesfully
[2018.01.19-10.04.06:070][426]LogLinker: No puede encontrar el archivo '/Game/Maps/defaultMat'
[2018.01.19-10.04.06:070][426]LogLinker: No puede encontrar el archivo '/Game/Maps/defaultMat'
[2018.01.19-10.04.06:099][426]LogMaterial: Missing cached shader map for material defaultMat, compiling. 
[2018.01.19-10.04.06:100][426]LogTemp:Display: Added material ShaderMap 0x000001AAD8C1B580 with Material 0x000001AAD8C2BB80 to ShaderMapsBeingCompiled
[2018.01.19-10.04.06:149][426]LogTemp:Display: Kicking off shader compilation for defaultMat, GameThreadShaderMap 0x000001AAD8C1B580
[2018.01.19-10.04.08:358][426]LogStaticMesh: Generando la malla estática Txurruka...
[2018.01.19-10.04.23:866][426]LogMeshUtilities: Invalid vertex normals found for mesh. Forcing recomputation of vertex normals for MikkTSpace. Fix mesh or disable "Use MikkTSpace Tangent Space" to avoid forced recomputation of normals.
