Log file open, 02/20/18 22:50:37
LogInit:Display: Running engine for game: Terreno_01
LogPlatformFile: Not using cached read wrapper
LogInit:Display: RandInit(1854643347) SRandInit(1854643347).
LogTaskGraph: Started task graph with 5 named threads and 6 total threads with 1 sets of task threads.
LogStats: Stats thread started at 0.107521
LogInit: Using libcurl 7.47.1
LogInit:  - built for x86_64-pc-win32
LogInit:  - supports SSL with OpenSSL/1.0.2g
LogInit:  - supports HTTP deflate (compression) using libz 1.2.8
LogInit:  - other features:
LogInit:      CURL_VERSION_SSL
LogInit:      CURL_VERSION_LIBZ
LogInit:      CURL_VERSION_IPV6
LogInit:      CURL_VERSION_ASYNCHDNS
LogInit:      CURL_VERSION_LARGEFILE
LogInit:      CURL_VERSION_IDN
LogInit:  CurlRequestOptions (configurable via config and command line):
LogInit:  - bVerifyPeer = false  - Libcurl will NOT verify peer certificate
LogInit:  - bUseHttpProxy = false  - Libcurl will NOT use HTTP proxy
LogInit:  - bDontReuseConnections = false  - Libcurl will reuse connections
LogInit:  - CertBundlePath = nullptr  - Libcurl will use whatever was configured at build time.
LogInit: Build: ++UE4+Release-4.15-CL-3450819
LogInit: Engine Version: 4.15.3-3450819+++UE4+Release-4.15
LogInit: Compatible Engine Version: 4.15.0-3299760+++UE4+Release-4.15
LogInit: Net CL: 3299760
LogDevObjectVersion: Number of dev versions registered: 14
LogDevObjectVersion:   Dev-Blueprints (B0D832E4-1F89-4F0D-ACCF-7EB736FD4AA2): 8
LogDevObjectVersion:   Dev-Build (E1C64328-A22C-4D53-A36C-8E866417BD8C): 0
LogDevObjectVersion:   Dev-Core (375EC13C-06E4-48FB-B500-84F0262A717E): 2
LogDevObjectVersion:   Dev-Editor (E4B068ED-F494-42E9-A231-DA0B2E46BB41): 14
LogDevObjectVersion:   Dev-Framework (CFFC743F-43B0-4480-9391-14DF171D2073): 22
LogDevObjectVersion:   Dev-Mobile (B02B49B5-BB20-44E9-A304-32B752E40360): 0
LogDevObjectVersion:   Dev-Networking (A4E4105C-59A1-49B5-A7C5-40C4547EDFEE): 0
LogDevObjectVersion:   Dev-Online (39C831C9-5AE6-47DC-9A44-9C173E1C8E7C): 0
LogDevObjectVersion:   Dev-Physics (78F01B33-EBEA-4F98-B9B4-84EACCB95AA2): 0
LogDevObjectVersion:   Dev-Platform (6631380F-2D4D-43E0-8009-CF276956A95A): 0
LogDevObjectVersion:   Dev-Rendering (12F88B9F-8875-4AFC-A67C-D90C383ABD29): 12
LogDevObjectVersion:   Dev-Sequencer (7B5AE74C-D270-4C10-A958-57980B212A5A): 3
LogDevObjectVersion:   Dev-VR (D7296918-1DD6-4BDD-9DE2-64A83CC13884): 0
LogDevObjectVersion:   Dev-LoadTimes (C2A15278-BFE7-4AFE-6C17-90FF531DF755): 1
LogInit: Compiled (64-bit): May 21 2017 11:02:34
LogInit: Compiled with Visual C++: 19.00.23026.00
LogInit: Build Configuration: Development
LogInit: Branch Name: ++UE4+Release-4.15
LogInit: Command line:  
LogInit: Base directory: C:/EPICS/UE_4.15/Engine/Binaries/Win64/
LogInit: Installed Engine Build: 1
LogInit: Presizing for max 8388607 objects, including 0 objects not considered by GC, pre-allocating 0 bytes for permanent pool.
LogInit: Object subsystem initialized
[2018.02.20-21.50.39:592][  0]LogInit: Selected Device Profile: [Windows]
[2018.02.20-21.50.39:592][  0]LogInit: Applying CVar settings loaded from the selected device profile: [Windows]
[2018.02.20-21.50.39:613][  0]LogInit: Computer: NB-025-06
[2018.02.20-21.50.39:614][  0]LogInit: User: pguardia
[2018.02.20-21.50.39:614][  0]LogInit: CPU Page size=65536, Cores=2
[2018.02.20-21.50.39:614][  0]LogInit: High frequency timer resolution =2.437497 MHz
[2018.02.20-21.50.39:614][  0]LogMemory: Memory total: Physical=7.9GB (8GB approx)
[2018.02.20-21.50.39:614][  0]LogMemory: Platform Memory Stats for Windows
[2018.02.20-21.50.39:614][  0]LogMemory: Process Physical Memory: 262.86 MB used, 262.86 MB peak
[2018.02.20-21.50.39:614][  0]LogMemory: Process Virtual Memory: 261.94 MB used, 261.94 MB peak
[2018.02.20-21.50.39:614][  0]LogMemory: Physical Memory: 6513.36 MB used,  1603.75 MB free, 8117.11 MB total
[2018.02.20-21.50.39:614][  0]LogMemory: Virtual Memory: 676.43 MB used,  1603.75 MB free, 134217728.00 MB total
[2018.02.20-21.50.39:819][  0]LogTextLocalizationManager: No specific translations for ('es-ES') exist, so ('es') translations will be used.
[2018.02.20-21.50.40:702][  0]LogD3D11RHI: D3D11 adapters:
[2018.02.20-21.50.40:713][  0]LogD3D11RHI:    0. 'Intel(R) HD Graphics 520' (Feature Level 11_0)
[2018.02.20-21.50.40:713][  0]LogD3D11RHI:       128/0/4058 MB DedicatedVideo/DedicatedSystem/SharedSystem, Outputs:1, VendorId:0x8086
[2018.02.20-21.50.40:717][  0]LogD3D11RHI:    1. 'Microsoft Basic Render Driver' (Feature Level 11_0)
[2018.02.20-21.50.40:717][  0]LogD3D11RHI:       0/0/4058 MB DedicatedVideo/DedicatedSystem/SharedSystem, Outputs:0, VendorId:0x1414
[2018.02.20-21.50.40:717][  0]LogD3D11RHI: Chosen D3D11 Adapter: 0
[2018.02.20-21.50.40:730][  0]LogD3D11RHI: Creating new Direct3DDevice
[2018.02.20-21.50.40:730][  0]LogD3D11RHI:     GPU DeviceId: 0x1916 (for the marketing name, search the web for "GPU Device Id")
[2018.02.20-21.50.40:730][  0]LogWindows: EnumDisplayDevices:
[2018.02.20-21.50.40:730][  0]LogWindows:    0. 'Intel(R) HD Graphics 520' (P:1 D:1)
[2018.02.20-21.50.40:730][  0]LogWindows:    1. 'Intel(R) HD Graphics 520' (P:0 D:0)
[2018.02.20-21.50.40:731][  0]LogWindows:    2. 'Intel(R) HD Graphics 520' (P:0 D:0)
[2018.02.20-21.50.40:731][  0]LogWindows: DebugString: GetVideoDriverDetailsInvalid PrimaryIsNotTheChoosenAdapter GetVideoDriverDetailsInvalid PrimaryIsNotTheChoosenAdapter GetVideoDriverDetailsInvalid PrimaryIsNotTheChoosenAdapter FoundDriverCount:0 
[2018.02.20-21.50.40:731][  0]LogD3D11RHI:     Adapter Name: Intel(R) HD Graphics 520
[2018.02.20-21.50.40:731][  0]LogD3D11RHI:   Driver Version: Unknown (internal:Unknown, unified:Unknown)
[2018.02.20-21.50.40:731][  0]LogD3D11RHI:      Driver Date: Unknown
[2018.02.20-21.50.40:731][  0]LogRHI: Texture pool is 1361 MB (70% of 1945 MB)
[2018.02.20-21.50.40:738][  0]LogD3D11RHI: Async texture creation enabled
[2018.02.20-21.50.40:748][  0]LogD3D11RHI: GPU Timing Frequency: 12.000000 (Debug: 2 0)
[2018.02.20-21.50.40:749][  0]LogShaderCompilers: Guid format shader working directory is -18 characters bigger than the processId version (../../../../../Users/pguardia/Documents/Unreal Projects/Terreno_01/Intermediate/Shaders/WorkingDirectory/14900/).
[2018.02.20-21.50.40:750][  0]LogShaderCompilers: Cleaned the shader compiler working directory 'C:/Users/pguardia/AppData/Local/Temp/UnrealShaderWorkingDir/0BFB4EE442A0F53EE21C10A511B385C7/'.
[2018.02.20-21.50.40:750][  0]LogShaderCompilers:Display: Using Local Shader Compiler.
[2018.02.20-21.50.42:973][  0]LogTemp:Display: Loaded TP AllDesktopTargetPlatform
[2018.02.20-21.50.43:114][  0]LogTemp:Display: Loaded TP MacClientTargetPlatform
[2018.02.20-21.50.43:252][  0]LogTemp:Display: Loaded TP MacNoEditorTargetPlatform
[2018.02.20-21.50.43:392][  0]LogTemp:Display: Loaded TP MacServerTargetPlatform
[2018.02.20-21.50.43:538][  0]LogTemp:Display: Loaded TP MacTargetPlatform
[2018.02.20-21.50.43:680][  0]LogTemp:Display: Loaded TP WindowsClientTargetPlatform
[2018.02.20-21.50.43:810][  0]LogTemp:Display: Loaded TP WindowsNoEditorTargetPlatform
[2018.02.20-21.50.43:958][  0]LogTemp:Display: Loaded TP WindowsServerTargetPlatform
[2018.02.20-21.50.44:081][  0]LogTemp:Display: Loaded TP WindowsTargetPlatform
[2018.02.20-21.50.44:212][  0]LogTemp:Display: Loaded TP AndroidTargetPlatform
[2018.02.20-21.50.44:349][  0]LogTemp:Display: Loaded TP Android_ASTCTargetPlatform
[2018.02.20-21.50.44:496][  0]LogTemp:Display: Loaded TP Android_ATCTargetPlatform
[2018.02.20-21.50.44:640][  0]LogTemp:Display: Loaded TP Android_DXTTargetPlatform
[2018.02.20-21.50.44:779][  0]LogTemp:Display: Loaded TP Android_ETC1TargetPlatform
[2018.02.20-21.50.44:918][  0]LogTemp:Display: Loaded TP Android_ETC2TargetPlatform
[2018.02.20-21.50.45:191][  0]LogTemp:Display: Loaded TP Android_MultiTargetPlatform
[2018.02.20-21.50.45:191][  0]LogTemp:Display: Loaded TP Android_PVRTCTargetPlatform
[2018.02.20-21.50.45:296][  0]LogTemp:Display: Loaded TP HTML5TargetPlatform
[2018.02.20-21.50.45:518][  0]LogTemp:Display: Loaded TP IOSTargetPlatform
[2018.02.20-21.50.45:597][  0]LogTemp:Display: Loaded TP TVOSTargetPlatform
[2018.02.20-21.50.45:726][  0]LogTemp:Display: Loaded TP LinuxClientTargetPlatform
[2018.02.20-21.50.45:876][  0]LogTemp:Display: Loaded TP LinuxNoEditorTargetPlatform
[2018.02.20-21.50.46:012][  0]LogTemp:Display: Loaded TP LinuxServerTargetPlatform
[2018.02.20-21.50.46:141][  0]LogTemp:Display: Loaded TP LinuxTargetPlatform
[2018.02.20-21.50.46:141][  0]LogTargetPlatformManager:Display: Building Assets For Windows
[2018.02.20-21.50.47:387][  0]LogDerivedDataCache:Display: Max Cache Size: 512 MB
[2018.02.20-21.50.47:469][  0]LogDerivedDataCache: Loaded boot cache 0.08s 50MB C:/Users/pguardia/AppData/Local/UnrealEngine/4.15/DerivedDataCache/Boot.ddc.
[2018.02.20-21.50.47:469][  0]LogDerivedDataCache:Display: Loaded Boot cache: C:/Users/pguardia/AppData/Local/UnrealEngine/4.15/DerivedDataCache/Boot.ddc
[2018.02.20-21.50.47:469][  0]LogDerivedDataCache: FDerivedDataBackendGraph:  Pak pak cache file ../../../../../Users/pguardia/Documents/Unreal Projects/Terreno_01/DerivedDataCache/DDC.ddp not found, will not use a pak cache.
[2018.02.20-21.50.47:469][  0]LogDerivedDataCache: Unable to find inner node Pak for hierarchical cache Hierarchy.
[2018.02.20-21.50.47:469][  0]LogDerivedDataCache: FDerivedDataBackendGraph:  CompressedPak pak cache file ../../../../../Users/pguardia/Documents/Unreal Projects/Terreno_01/DerivedDataCache/Compressed.ddp not found, will not use a pak cache.
[2018.02.20-21.50.47:469][  0]LogDerivedDataCache: Unable to find inner node CompressedPak for hierarchical cache Hierarchy.
[2018.02.20-21.50.47:497][  0]LogDerivedDataCache:Display: Pak cache opened for reading ../../../Engine/DerivedDataCache/Compressed.ddp.
[2018.02.20-21.50.47:510][  0]LogDerivedDataCache: Using Local data cache path C:/Users/pguardia/AppData/Local/UnrealEngine/Common/DerivedDataCache: Writable
[2018.02.20-21.50.47:535][  0]LogSlate: Using Freetype 2.6.0
[2018.02.20-21.50.47:536][  0]LogSlate: SlateFontCache - WITH_FREETYPE: 1, WITH_HARFBUZZ: 1
[2018.02.20-21.50.47:536][  0]LogSlate: SlateFontCache - WITH_FREETYPE: 1, WITH_HARFBUZZ: 1
[2018.02.20-21.50.48:189][  0]LogInit: Selected Device Profile: [Windows]
[2018.02.20-21.50.48:195][  0]LogContentStreaming: Texture pool size is 0.00 MB
[2018.02.20-21.50.48:744][  0]LogMeshUtilities: Using QuadricMeshReduction for automatic static mesh reduction
[2018.02.20-21.50.48:865][  0]LogSimplygon: Simplygon DLL not present - disabling.
[2018.02.20-21.50.49:003][  0]LogMeshUtilities: Using SimplygonSwarm for distributed automatic mesh merging
[2018.02.20-21.50.49:003][  0]LogMeshUtilities: No automatic skeletal mesh reduction module available
[2018.02.20-21.50.49:003][  0]LogMeshUtilities: No automatic mesh merging module available
[2018.02.20-21.50.50:232][  0]LogNetVersion: GetLocalNetworkVersion: CL: 3299760, ProjectName: terreno_01, ProjectVersion: , EngineNetworkVersion: 2, GameNetworkVersion: 0, NetworkChecksum: 1947591283
[2018.02.20-21.50.50:319][  0]LogAssetRegistry: FAssetRegistry took 0.0221 seconds to start up
[2018.02.20-21.50.50:455][  0]LogPackageLocalizationCache: Processed 3 localized package path(s) for 2 prioritized culture(s) in 0.074670 seconds
[2018.02.20-21.50.50:466][  0]LogUObjectArray: 32493 objects as part of root set at end of initial load.
[2018.02.20-21.50.50:466][  0]LogUObjectAllocator: 7077032 out of 0 bytes used by permanent object pool.
[2018.02.20-21.50.50:466][  0]LogUObjectArray: CloseDisregardForGC: 0/0 objects in disregard for GC pool
[2018.02.20-21.50.50:646][  0]LogInit: WinSock: version 1.1 (2.2), MaxSocks=32767, MaxUdp=65467
[2018.02.20-21.50.54:900][  0]LogTcpMessaging: Initializing TcpMessaging bridge
[2018.02.20-21.50.55:005][  0]LogUdpMessaging: Initializing bridge on interface 0.0.0.0:0 to multicast group 230.0.0.1:6666.
[2018.02.20-21.50.56:362][  0]LogMaterial: Uniform references updated for custom material expression Custom.
[2018.02.20-21.50.57:562][  0]SourceControl: Información El control de código fuente está desactivado
[2018.02.20-21.51.00:863][  0]LogLinker:Warning: No puede encontrar el archivo '/Game/FirstPersonBP/FirstPersonOverview'
[2018.02.20-21.51.00:863][  0]LogLinker:Warning: No puede encontrar el archivo '/Game/FirstPersonBP/FirstPersonOverview'
[2018.02.20-21.51.00:863][  0]LogUObjectGlobals:Warning: Error al encontrar el objeto 'Class /Game/FirstPersonBP/FirstPersonOverview.FirstPersonOverview_C'
[2018.02.20-21.51.03:525][  0]LogEngine: Initializing Engine...
[2018.02.20-21.51.03:527][  0]LogHMD: Failed to initialize OpenVR with code 110
[2018.02.20-21.51.03:716][  0]LogStats: UGameplayTagsManager::ConstructGameplayTagTree: Construct from data asset -  0.000 s
[2018.02.20-21.51.03:716][  0]LogStats: UGameplayTagsManager::ConstructGameplayTagTree: GameplayTagTreeChangedEvent.Broadcast -  0.000 s
[2018.02.20-21.51.04:049][  0]LogAIModule: Creating AISystem for world Untitled
[2018.02.20-21.51.04:079][  0]LogInit: XAudio2 using 'Auriculares (Realtek High Definition Audio(SST))' : 2 channels at 48 kHz using 32 bits per sample (channel mask 0x3)
[2018.02.20-21.51.04:740][  0]LogInit: FAudioDevice initialized.
[2018.02.20-21.51.04:782][  0]LogDerivedDataCache: Saved boot cache 0.04s 50MB C:/Users/pguardia/AppData/Local/UnrealEngine/4.15/DerivedDataCache/Boot.ddc.
[2018.02.20-21.51.04:804][  0]LogInit: Texture streaming: Enabled
[2018.02.20-21.51.05:074][  0]LogEngineSessionManager: EngineSessionManager initialized
[2018.02.20-21.51.05:337][  0]LogInit: Transaction tracking system initialized
[2018.02.20-21.51.06:296][  0]BlueprintLog: New page: Cargar el editor
[2018.02.20-21.51.08:808][  0]LocalizationService: Información Localization service is disabled
[2018.02.20-21.51.10:932][  0]LogConsoleResponse:Display: 
[2018.02.20-21.51.11:203][  0]LogCook:Display: Max memory allowance for cook 16384mb min free memory 0mb
[2018.02.20-21.51.11:203][  0]LogCook:Display: Mobile HDR setting 1
[2018.02.20-21.51.11:352][  0]LogFileCache: Scanning file cache for directory 'C:/Users/pguardia/Documents/Unreal Projects/Terreno_01/Content/' took 0.01s
[2018.02.20-21.51.14:757][  0]Cmd: MAP LOAD FILE="../../../Engine/Content/Maps/Templates/Template_Default.umap" TEMPLATE=1 SHOWPROGRESS=1 FEATURELEVEL=3
[2018.02.20-21.51.14:759][  0]LightingResults: New page: Diseñar la iluminación
[2018.02.20-21.51.14:873][  0]MapCheck: New page: Revisión del mapa
[2018.02.20-21.51.14:873][  0]LightingResults: New page: Diseñar la iluminación
[2018.02.20-21.51.15:276][  0]LogAIModule: Creating AISystem for world Untitled_1
[2018.02.20-21.51.15:304][  0]LogActorComponent: RegisterComponentWithWorld: (/Temp/Untitled_1.Untitled_1:PersistentLevel.WorldSettings_1.StaticMeshComponent0) Trying to register component with IsPendingKill() == true. Aborting.
[2018.02.20-21.51.15:311][  0]LogEditorServer: Finished looking for orphan Actors (0.000 secs)
[2018.02.20-21.51.15:330][  0]Cmd: MAP CHECKDEP NOCLEARLOG
[2018.02.20-21.51.15:435][  0]MapCheck: Información Map check complete: 0 Error(s), 0 Warning(s), took 104,148ms to complete.
[2018.02.20-21.51.15:435][  0]LogFileHelpers: Loading map 'Template_Default' took 0.678
[2018.02.20-21.51.15:511][  0]LogWindowsTextInputMethodSystem:Display: IME system now deactivated.
[2018.02.20-21.51.15:511][  0]LogWindowsTextInputMethodSystem:Display: IME system now deactivated.
[2018.02.20-21.51.15:787][  0]LogCollectionManager: Loaded 0 collections in 0.003067 seconds
[2018.02.20-21.51.15:942][  0]LogFileCache: Scanning file cache for directory 'C:/Users/pguardia/Documents/Unreal Projects/Terreno_01/Saved/Collections/' took 0.01s
[2018.02.20-21.51.15:942][  0]LogFileCache: Scanning file cache for directory 'C:/Users/pguardia/Documents/Unreal Projects/Terreno_01/Content/Developers/pguardia/Collections/' took 0.01s
[2018.02.20-21.51.15:942][  0]LogFileCache: Scanning file cache for directory 'C:/Users/pguardia/Documents/Unreal Projects/Terreno_01/Content/Collections/' took 0.01s
[2018.02.20-21.51.15:942][  0]LogCollectionManager: Rebuilt the GUID cache for 0 collections in 0.000003 seconds
[2018.02.20-21.51.15:961][  0]LogContentBrowser: Native class hierarchy populated in 0.0178 seconds. Added 2245 classes and 453 folders.
[2018.02.20-21.51.16:123][  0]LogContentBrowser: Native class hierarchy updated for 'WidgetCarousel' in 0.0010 seconds. Added 0 classes and 0 folders.
[2018.02.20-21.51.16:209][  0]LogContentBrowser: Native class hierarchy updated for 'AddContentDialog' in 0.0021 seconds. Added 0 classes and 0 folders.
[2018.02.20-21.51.16:324][  0]LogContentBrowser: Native class hierarchy updated for 'SceneOutliner' in 0.0010 seconds. Added 1 classes and 2 folders.
[2018.02.20-21.51.16:513][  0]LogCrashTracker: Crashtracker disabled due to settings.
[2018.02.20-21.51.16:523][  0]LogUObjectGlobals:Warning: Error al encontrar el objeto 'Class Ninguno.'
[2018.02.20-21.51.16:663][  0]LogContentBrowser: Native class hierarchy updated for 'HierarchicalLODOutliner' in 0.0010 seconds. Added 1 classes and 2 folders.
[2018.02.20-21.51.16:664][  0]LogLoad: (Engine Initialization) Total time: 41.12 seconds
[2018.02.20-21.51.16:664][  0]LogLoad: (Engine Initialization) Total Blueprint compile time: 0.22 seconds
[2018.02.20-21.51.16:664][  0]LogExternalProfiler: No external profilers were discovered.  External profiling features will not be available.
[2018.02.20-21.51.16:686][  0]LogOcInput: OculusInput pre-init called
[2018.02.20-21.51.16:711][  0]SourceControl: Información On branch master
[2018.02.20-21.51.16:711][  0]SourceControl: Información Your branch is up to date with 'origin/master'.
[2018.02.20-21.51.16:711][  0]SourceControl: Información Changes not staged for commit:
[2018.02.20-21.51.16:711][  0]SourceControl: Información   (use "git add <file>..." to update what will be committed)
[2018.02.20-21.51.16:711][  0]SourceControl: Información   (use "git checkout -- <file>..." to discard changes in working directory)
[2018.02.20-21.51.16:711][  0]SourceControl: Información 	modified:   Saved/AutoScreenshot.png
[2018.02.20-21.51.16:711][  0]SourceControl: Información 	modified:   Saved/Config/Windows/EditorPerProjectUserSettings.ini
[2018.02.20-21.51.16:711][  0]SourceControl: Información 	modified:   Saved/Config/Windows/Engine.ini
[2018.02.20-21.51.16:711][  0]SourceControl: Información 	modified:   Saved/Logs/Terreno_01.log
[2018.02.20-21.51.16:711][  0]SourceControl: Información Untracked files:
[2018.02.20-21.51.16:711][  0]SourceControl: Información   (use "git add <file>..." to include in what will be committed)
[2018.02.20-21.51.16:711][  0]SourceControl: Información 	Saved/Logs/Terreno_01-backup-2018.02.20-19.52.12.log
[2018.02.20-21.51.16:711][  0]SourceControl: Información 	Saved/Logs/Terreno_01-backup-2018.02.20-22.50.37.log
[2018.02.20-21.51.16:711][  0]SourceControl: Información 	Saved/Logs/UE4CC-Windows-2691C9E4463D7D9683BF2391D7470372/
[2018.02.20-21.51.16:711][  0]SourceControl: Información 	Saved/Logs/UE4CC-Windows-32947FF44F2514CDDBB8FE84B6F48396/
[2018.02.20-21.51.16:711][  0]SourceControl: Información no changes added to commit (use "git add" and/or "git commit -a")
[2018.02.20-21.51.16:712][  0]LogContentStreaming: Texture pool size now 400 MB
[2018.02.20-21.51.16:714][  0]LogSlate: Took 0.000381 seconds to synchronously load lazily loaded font '../../../Engine/Content/Slate/Fonts/Roboto-Regular.ttf' (155K)
[2018.02.20-21.51.16:719][  0]LogSlate: Took 0.000448 seconds to synchronously load lazily loaded font '../../../Engine/Content/Slate/Fonts/Roboto-Bold.ttf' (160K)
[2018.02.20-21.51.16:726][  0]LogSlate: Took 0.000378 seconds to synchronously load lazily loaded font '../../../Engine/Content/Editor/Slate/Fonts/FontAwesome.ttf' (139K)
[2018.02.20-21.51.16:848][  0]LogSlate: Took 0.000421 seconds to synchronously load lazily loaded font '../../../Engine/Content/Slate/Fonts/Roboto-Light.ttf' (159K)
[2018.02.20-21.51.16:935][  0]LogRenderer: Reallocating scene render targets to support 860x576 NumSamples 1 (Frame:2).
[2018.02.20-21.51.17:721][  2]LogAssetRegistry: Asset discovery search completed in 27.4240 seconds
[2018.02.20-21.51.17:721][  2]LogCollectionManager: Rebuilt the object cache for 0 collections in 0.000012 seconds (found 0 objects)
[2018.02.20-21.51.17:721][  2]LogCollectionManager: Fixed up redirectors for 0 collections in 0.000030 seconds (updated 0 objects)
[2018.02.20-21.51.37:842][891]SourceControl: Información fatal: C:/EPICS/UE_4.15/Engine/Content/: 'C:/EPICS/UE_4.15/Engine/Content/' is outside repository
[2018.02.20-21.51.38:098][891]LogPackageName:Error: Illegal call to DoesPackageExist: '../../../../../Users/pguardia/Documents/Unreal Projects/Terreno_01/Terreno_01.uproject' is not a standard unreal filename or a long path name. Reason: La ruta no debe tener menos de 4 caracteres de longitud.
[2018.02.20-21.51.38:945][891]LogStats: FPlatformStackWalk::StackWalkAndDump -  0.845 s
[2018.02.20-21.51.38:945][891]LogOutputDevice:Error: === Handled ensure: ===
[2018.02.20-21.51.38:945][891]LogOutputDevice:Error: 
[2018.02.20-21.51.38:945][891]LogOutputDevice:Error: Ensure condition failed: false [File:D:\Build\++UE4+Release-4.15+Compile\Sync\Engine\Source\Runtime\CoreUObject\Private\Misc\PackageName.cpp] [Line: 650]
[2018.02.20-21.51.38:945][891]LogOutputDevice:Error: Illegal call to DoesPackageExist: '../../../../../Users/pguardia/Documents/Unreal Projects/Terreno_01/Terreno_01.uproject' is not a standard unreal filename or a long path name. Reason: La ruta no debe tener menos de 4 caracteres de longitud.
[2018.02.20-21.51.38:945][891]LogOutputDevice:Error: Stack: 
[2018.02.20-21.51.38:945][891]LogOutputDevice:Error: UE4Editor-Core.dll!0x00000000B3FC95E6
[2018.02.20-21.51.38:945][891]LogOutputDevice:Error: UE4Editor-Core.dll!0x00000000B3D79B82
[2018.02.20-21.51.38:945][891]LogOutputDevice:Error: UE4Editor-Core.dll!0x00000000B3D8B666
[2018.02.20-21.51.38:945][891]LogOutputDevice:Error: UE4Editor-CoreUObject.dll!0x00000000B375A6E8
[2018.02.20-21.51.38:945][891]LogOutputDevice:Error: UE4Editor-SourceControl.dll!0x00000000B3023D22
[2018.02.20-21.51.38:945][891]LogOutputDevice:Error: UE4Editor-SourceControl.dll!0x00000000B3023EB9
[2018.02.20-21.51.38:945][891]LogOutputDevice:Error: UE4Editor-SourceControlWindows.dll!0x00000000A0FC1D2E
[2018.02.20-21.51.38:945][891]LogOutputDevice:Error: UE4Editor-SourceControlWindows.dll!0x00000000A0F7B4B5
[2018.02.20-21.51.38:945][891]LogOutputDevice:Error: UE4Editor-SourceControlWindows.dll!0x00000000A0F7AA8D
[2018.02.20-21.51.38:945][891]LogOutputDevice:Error: UE4Editor-SourceControlWindows.dll!0x00000000A0F8F274
[2018.02.20-21.51.38:945][891]LogOutputDevice:Error: UE4Editor-GitSourceControl.dll!0x000000009888B851
[2018.02.20-21.51.38:945][891]LogOutputDevice:Error: UE4Editor-GitSourceControl.dll!0x000000009889D1ED
[2018.02.20-21.51.38:945][891]LogOutputDevice:Error: UE4Editor-SourceControl.dll!0x00000000B3029C5C
[2018.02.20-21.51.38:945][891]LogOutputDevice:Error: UE4Editor-UnrealEd.dll!0x00000000AE307517
[2018.02.20-21.51.38:945][891]LogOutputDevice:Error: UE4Editor-UnrealEd.dll!0x00000000AEB12196
[2018.02.20-21.51.38:945][891]LogOutputDevice:Error: UE4Editor.exe!0x0000000040E1DEE3
[2018.02.20-21.51.38:945][891]LogOutputDevice:Error: UE4Editor.exe!0x0000000040E0EB40
[2018.02.20-21.51.38:945][891]LogOutputDevice:Error: UE4Editor.exe!0x0000000040E0EBBA
[2018.02.20-21.51.38:945][891]LogOutputDevice:Error: UE4Editor.exe!0x0000000040E20A29
[2018.02.20-21.51.38:945][891]LogOutputDevice:Error: UE4Editor.exe!0x0000000040E222B6
[2018.02.20-21.51.38:945][891]LogOutputDevice:Error: KERNEL32.DLL!0x00000000FBE41FE4
[2018.02.20-21.51.38:945][891]LogOutputDevice:Error: ntdll.dll!0x00000000FD86EFC1
[2018.02.20-21.51.38:945][891]LogOutputDevice:Error: 
[2018.02.20-21.51.38:952][891]LogStats:                SubmitErrorReport -  0.000 s
[2018.02.20-21.51.40:492][891]LogStats:                    SendNewReport -  1.541 s
[2018.02.20-21.51.40:492][891]LogStats:             FDebug::EnsureFailed -  2.394 s
[2018.02.20-21.52.52:585][148]LogEditorViewport: Clicking on Actor (context menu): PlayerStart (Player Start)
[2018.02.20-21.52.57:215][399]LogEditorViewport: Clicking on Actor (LMB): StaticMeshActor (Floor)
[2018.02.20-21.53.14:882][ 25]Cmd: CAMERA ALIGN ACTIVEVIEWPORTONLY
[2018.02.20-21.53.22:318][311]Cmd: CAMERA ALIGN ACTIVEVIEWPORTONLY
[2018.02.20-21.54.00:865][752]SourceControl:Error: Error fatal: Invalid path '/Temp': No such file or directory
[2018.02.20-21.54.14:562][311]LogEditorViewport: Clicking on Actor (LMB): StaticMeshActor (Floor)
[2018.02.20-21.54.28:309][720]LogWindows: LaunchURL http://docs.unrealengine.com/latest/SPA/Gameplay/Framework/Pawn/index.html?utm_source=editor&utm_medium=docs&utm_campaign=doc_anchors
[2018.02.20-22.00.26:269][948]LogEditorViewport: Clicking on Actor (LMB): Pawn (Pawn)
[2018.02.20-22.00.29:362][ 69]LogTemp: Repeting last play command: New Editor Window (PIE)
[2018.02.20-22.00.29:389][ 69]LogPlayLevel: PlayLevel: No blueprints needed recompiling
[2018.02.20-22.00.29:400][ 69]PIE: New page: Sesión PIE (reproducción en el editor): Untitled_1 (21/2/2018 0:00:29)
[2018.02.20-22.00.29:402][ 69]LogPlayLevel: Creating play world package: /Temp/UEDPIE_0_Untitled_1
[2018.02.20-22.00.29:413][ 69]LogPlayLevel: PIE: StaticDuplicateObject took: (0.010718s)
[2018.02.20-22.00.29:414][ 69]LogAIModule: Creating AISystem for world Untitled_1
[2018.02.20-22.00.29:414][ 69]LogPlayLevel: PIE: World Init took: (0.001198s)
[2018.02.20-22.00.29:415][ 69]LogPlayLevel: PIE: Created PIE world by copying editor world from /Temp/Untitled_1.Untitled_1 to /Temp/UEDPIE_0_Untitled_1.Untitled_1 (0.013536s)
[2018.02.20-22.00.29:475][ 69]LogInit: XAudio2 using 'Auriculares (Realtek High Definition Audio(SST))' : 2 channels at 48 kHz using 32 bits per sample (channel mask 0x3)
[2018.02.20-22.00.29:502][ 69]LogInit: FAudioDevice initialized.
[2018.02.20-22.00.29:582][ 69]LogLoad: Game class is 'GameModeBase'
[2018.02.20-22.00.29:601][ 69]LogWorld: Bringing World /Temp/UEDPIE_0_Untitled_1.Untitled_1 up for play (max tick rate 60) at 2018.02.20-23.00.29
[2018.02.20-22.00.29:616][ 69]LogWorld: Bringing up level for play took: 0.018031
[2018.02.20-22.00.29:758][ 69]LogContentBrowser: Native class hierarchy updated for 'MovieSceneCapture' in 0.0011 seconds. Added 11 classes and 0 folders.
[2018.02.20-22.00.29:788][ 69]PIE: Información Tiempo de inicio de la reproducción en el editor para  /Temp/UEDPIE_0_Untitled_1 1,005
[2018.02.20-22.00.55:210][215]LogEditorViewport: Clicking on Actor (LMB): Pawn (Pawn)
[2018.02.20-22.00.58:245][342]Cmd: CAMERA ALIGN ACTIVEVIEWPORTONLY
[2018.02.20-22.01.21:872][304]Cmd: MODE GRID=0
[2018.02.20-22.01.27:633][529]Cmd: MODE GRID=1
[2018.02.20-22.03.39:948][871]Cmd: CAMERA ALIGN ACTIVEVIEWPORTONLY
[2018.02.20-22.03.57:772][607]LogEditorViewport: Clicking on Actor (LMB): Pawn (Pawn)
[2018.02.20-22.04.14:474][319]LogEditorViewport: Clicking on Actor (LMB): StaticMeshActor (Floor)
[2018.02.20-22.04.33:962][ 21]LogSlate: Took 0.000341 seconds to synchronously load lazily loaded font '../../../Engine/Content/Slate/Fonts/Roboto-Light.ttf' (159K)
[2018.02.20-22.04.42:993][273]LogSlate: Took 0.000203 seconds to synchronously load lazily loaded font '../../../Engine/Content/Slate/Fonts/Roboto-Light.ttf' (159K)
[2018.02.20-22.04.43:189][273]LogSavePackage: Save=79.74ms
[2018.02.20-22.04.43:189][273]LogSavePackage: Moving '../../../../../Users/pguardia/Documents/Unreal Projects/Terreno_01/Saved/Untitled_1_Auto1F3D9D02A45D6BDEDCB24F585408064E1.tmp' to '../../../../../Users/pguardia/Documents/Unreal Projects/Terreno_01/Saved/Autosaves/Temp/Untitled_1_Auto1.umap'
[2018.02.20-22.04.43:191][273]LogSavePackage:Display: Finished SavePackage ../../../../../Users/pguardia/Documents/Unreal Projects/Terreno_01/Saved/Autosaves/Temp/Untitled_1_Auto1.umap
[2018.02.20-22.04.43:203][273]LogFileHelpers: Editor autosave (incl. sublevels) for '/Temp/Untitled_1' took 0.148
[2018.02.20-22.04.43:203][273]LogFileHelpers: Editor autosave (incl. sublevels) for all levels took 0.148
[2018.02.20-22.05.22:503][854]LogEditorViewport: Clicking on Actor (LMB): StaticMeshActor (Floor)
[2018.02.20-22.05.24:349][907]LogRenderer: Reallocating scene render targets to support 1252x804 NumSamples 1 (Frame:16700).
[2018.02.20-22.05.24:483][908]LogRenderer: Reallocating scene render targets to support 1368x872 NumSamples 1 (Frame:16702).
[2018.02.20-22.06.02:790][292]LogEditorViewport: Clicking on Actor (LMB): Pawn (Pawn)
[2018.02.20-22.06.43:465][821]LogEditorViewport: Clicking on Actor (LMB): StaticMeshActor (Floor)
[2018.02.20-22.06.45:294][876]LogEditorViewport: Clicking on Actor (LMB): StaticMeshActor (Floor)
[2018.02.20-22.09.26:251][868]SourceControl:Error: Error fatal: Invalid path '/Temp': No such file or directory
[2018.02.20-22.09.39:118][868]Cmd: OBJ SAVEPACKAGE PACKAGE="/Game/Maps/NewMap" FILE="../../../../../Users/pguardia/Documents/Unreal Projects/Terreno_01/Content/Maps/NewMap.umap" SILENT=true AUTOSAVING=false KEEPDIRTY=false
[2018.02.20-22.09.39:200][868]LogSavePackage: Save=47.09ms
[2018.02.20-22.09.39:200][868]LogSavePackage: Moving '../../../../../Users/pguardia/Documents/Unreal Projects/Terreno_01/Saved/NewMapDA89E2804C7FDCF6E056B1B5EE5B2A0D.tmp' to '../../../../../Users/pguardia/Documents/Unreal Projects/Terreno_01/Content/Maps/NewMap.umap'
[2018.02.20-22.09.39:215][868]LogSavePackage:Display: Finished SavePackage ../../../../../Users/pguardia/Documents/Unreal Projects/Terreno_01/Content/Maps/NewMap.umap
[2018.02.20-22.09.39:681][868]LogFileHelpers: Saving map 'NewMap' took 1.067
[2018.02.20-22.09.40:359][888]SourceControl:Error: Error fatal: Invalid path '/Temp': No such file or directory
[2018.02.20-22.09.47:057][170]SourceControl: Información fatal: C:/EPICS/UE_4.15/Engine/Content/: 'C:/EPICS/UE_4.15/Engine/Content/' is outside repository
[2018.02.20-22.09.47:208][170]LogPackageName:Error: Illegal call to DoesPackageExist: '../../../../../Users/pguardia/Documents/Unreal Projects/Terreno_01/Terreno_01.uproject' is not a standard unreal filename or a long path name. Reason: La ruta no debe tener menos de 4 caracteres de longitud.
[2018.02.20-22.10.04:887][170]LogSourceControl: FGitCheckInWorker: commit successful
[2018.02.20-22.10.05:063][170]SourceControl: Información [master 1f03548] Nuevo Mapa
[2018.02.20-22.10.05:063][170]SourceControl: Información  1 file changed, 0 insertions(+), 0 deletions(-)
[2018.02.20-22.10.05:063][170]SourceControl: Información  create mode 100644 Content/Maps/NewMap.umap
[2018.02.20-22.10.05:082][170]SourceControl: Información Commited [master 1f03548] Nuevo Mapa.
[2018.02.20-22.10.09:064][269]Cmd: QUIT_EDITOR
[2018.02.20-22.10.09:573][269]LogWindowsTextInputMethodSystem:Display: IME system now deactivated.
[2018.02.20-22.10.09:573][269]LogWindowsTextInputMethodSystem:Display: IME system now deactivated.
[2018.02.20-22.10.09:648][269]LogExit: Preparing to exit.
[2018.02.20-22.10.10:642][269]LogDirectoryWatcher: A directory notification for 'C:/Users/pguardia/Documents/Unreal Projects/Terreno_01/Content/' was aborted.
[2018.02.20-22.10.10:678][269]LogExit: Editor shut down
[2018.02.20-22.10.10:679][269]LogExit: Transaction tracking system shut down
[2018.02.20-22.10.10:845][269]LogObj: Freed 0b from 0 cluster array pools.
[2018.02.20-22.10.10:845][269]LogExit: Object subsystem successfully closed.
[2018.02.20-22.10.10:901][269]LogD3D11RHI: Shutdown
[2018.02.20-22.10.10:901][269]LogD3D11RHI: CleanupD3DDevice
[2018.02.20-22.10.11:303][269]LogD3D11RHI: ~FD3D11DynamicRHI
[2018.02.20-22.10.11:361][269]LogModuleManager: Shutting down and abandoning module HierarchicalLODUtilities (502)
[2018.02.20-22.10.11:361][269]LogModuleManager: Shutting down and abandoning module MovieSceneCapture (500)
[2018.02.20-22.10.11:361][269]LogModuleManager: Shutting down and abandoning module HierarchicalLODOutliner (498)
[2018.02.20-22.10.11:363][269]LogModuleManager: Shutting down and abandoning module CrashTracker (496)
[2018.02.20-22.10.11:363][269]LogModuleManager: Shutting down and abandoning module SceneOutliner (494)
[2018.02.20-22.10.11:363][269]LogModuleManager: Shutting down and abandoning module AddContentDialog (492)
[2018.02.20-22.10.11:364][269]LogDirectoryWatcher: A directory notification for 'C:/EPICS/UE_4.15/FeaturePacks/' was aborted.
[2018.02.20-22.10.11:366][269]LogModuleManager: Shutting down and abandoning module WidgetCarousel (491)
[2018.02.20-22.10.11:366][269]LogModuleManager: Shutting down and abandoning module EditorWidgets (488)
[2018.02.20-22.10.11:366][269]LogModuleManager: Shutting down and abandoning module CollectionManager (486)
[2018.02.20-22.10.11:366][269]LogDirectoryWatcher: A directory notification for 'C:/Users/pguardia/Documents/Unreal Projects/Terreno_01/Content/Collections/' was aborted.
[2018.02.20-22.10.11:366][269]LogDirectoryWatcher: A directory notification for 'C:/Users/pguardia/Documents/Unreal Projects/Terreno_01/Content/Developers/pguardia/Collections/' was aborted.
[2018.02.20-22.10.11:367][269]LogDirectoryWatcher: A directory notification for 'C:/Users/pguardia/Documents/Unreal Projects/Terreno_01/Saved/Collections/' was aborted.
[2018.02.20-22.10.11:367][269]LogModuleManager: Shutting down and abandoning module StatsViewer (484)
[2018.02.20-22.10.11:367][269]LogModuleManager: Shutting down and abandoning module FoliageEdit (482)
[2018.02.20-22.10.11:367][269]LogModuleManager: Shutting down and abandoning module LandscapeEditor (480)
[2018.02.20-22.10.11:368][269]LogModuleManager: Shutting down and abandoning module SceneDepthPickerMode (478)
[2018.02.20-22.10.11:368][269]LogModuleManager: Shutting down and abandoning module ActorPickerMode (476)
[2018.02.20-22.10.11:368][269]LogModuleManager: Shutting down and abandoning module GeometryMode (474)
[2018.02.20-22.10.11:368][269]LogModuleManager: Shutting down and abandoning module TextureAlignMode (472)
[2018.02.20-22.10.11:368][269]LogModuleManager: Shutting down and abandoning module BspMode (470)
[2018.02.20-22.10.11:368][269]LogModuleManager: Shutting down and abandoning module HardwareSurvey (468)
[2018.02.20-22.10.11:368][269]LogModuleManager: Shutting down and abandoning module SequenceRecorderSections (466)
[2018.02.20-22.10.11:368][269]LogModuleManager: Shutting down and abandoning module AutomationWorker (464)
[2018.02.20-22.10.11:368][269]LogModuleManager: Shutting down and abandoning module MatineeToLevelSequence (462)
[2018.02.20-22.10.11:368][269]LogModuleManager: Shutting down and abandoning module LevelSequenceEditor (460)
[2018.02.20-22.10.11:368][269]LogModuleManager: Shutting down and abandoning module PlacementMode (459)
[2018.02.20-22.10.11:369][269]LogModuleManager: Shutting down and abandoning module WmfMediaFactory (456)
[2018.02.20-22.10.11:369][269]LogModuleManager: Shutting down and abandoning module WmfMediaEditor (454)
[2018.02.20-22.10.11:369][269]LogModuleManager: Shutting down and abandoning module MfMediaFactory (452)
[2018.02.20-22.10.11:369][269]LogModuleManager: Shutting down and abandoning module MfMediaEditor (450)
[2018.02.20-22.10.11:369][269]LogModuleManager: Shutting down and abandoning module AvfMediaFactory (448)
[2018.02.20-22.10.11:369][269]LogModuleManager: Shutting down and abandoning module AvfMediaEditor (446)
[2018.02.20-22.10.11:369][269]LogModuleManager: Shutting down and abandoning module AndroidMediaFactory (444)
[2018.02.20-22.10.11:369][269]LogModuleManager: Shutting down and abandoning module Media (443)
[2018.02.20-22.10.11:369][269]LogModuleManager: Shutting down and abandoning module AndroidMediaEditor (440)
[2018.02.20-22.10.11:369][269]LogModuleManager: Shutting down and abandoning module CharacterAI (438)
[2018.02.20-22.10.11:369][269]LogModuleManager: Shutting down and abandoning module AudioCapture (436)
[2018.02.20-22.10.11:369][269]LogModuleManager: Shutting down and abandoning module SequenceRecorder (435)
[2018.02.20-22.10.11:372][269]LogModuleManager: Shutting down and abandoning module SmartSnapping (432)
[2018.02.20-22.10.11:372][269]LogModuleManager: Shutting down and abandoning module SessionServices (430)
[2018.02.20-22.10.11:372][269]LogModuleManager: Shutting down and abandoning module ViewportSnapping (428)
[2018.02.20-22.10.11:372][269]LogModuleManager: Shutting down and abandoning module ViewportInteraction (426)
[2018.02.20-22.10.11:372][269]LogModuleManager: Shutting down and abandoning module LogVisualizer (424)
[2018.02.20-22.10.11:372][269]LogModuleManager: Shutting down and abandoning module IntroTutorials (422)
[2018.02.20-22.10.11:372][269]LogModuleManager: Shutting down and abandoning module GameProjectGeneration (421)
[2018.02.20-22.10.11:373][269]LogModuleManager: Shutting down and abandoning module EditorLiveStreaming (418)
[2018.02.20-22.10.11:374][269]LogModuleManager: Shutting down and abandoning module IOSPlatformEditor (416)
[2018.02.20-22.10.11:374][269]LogModuleManager: Shutting down and abandoning module HTML5PlatformEditor (414)
[2018.02.20-22.10.11:374][269]LogModuleManager: Shutting down and abandoning module AndroidPlatformEditor (412)
[2018.02.20-22.10.11:374][269]LogModuleManager: Shutting down and abandoning module AndroidDeviceDetection (411)
[2018.02.20-22.10.11:567][269]LogModuleManager: Shutting down and abandoning module IOSRuntimeSettings (408)
[2018.02.20-22.10.11:567][269]LogModuleManager: Shutting down and abandoning module AndroidRuntimeSettings (406)
[2018.02.20-22.10.11:567][269]LogModuleManager: Shutting down and abandoning module InputBindingEditor (404)
[2018.02.20-22.10.11:567][269]LogModuleManager: Shutting down and abandoning module NiagaraEditor (402)
[2018.02.20-22.10.11:567][269]LogModuleManager: Shutting down and abandoning module MergeActors (400)
[2018.02.20-22.10.11:567][269]LogModuleManager: Shutting down and abandoning module SizeMap (398)
[2018.02.20-22.10.11:567][269]LogModuleManager: Shutting down and abandoning module TreeMap (396)
[2018.02.20-22.10.11:567][269]LogModuleManager: Shutting down and abandoning module ReferenceViewer (394)
[2018.02.20-22.10.11:567][269]LogModuleManager: Shutting down and abandoning module LocalizationDashboard (392)
[2018.02.20-22.10.11:567][269]LogModuleManager: Shutting down and abandoning module LocalizationService (391)
[2018.02.20-22.10.11:567][269]LogModuleManager: Shutting down and abandoning module HardwareTargeting (388)
[2018.02.20-22.10.11:568][269]LogModuleManager: Shutting down and abandoning module DeviceProfileEditor (386)
[2018.02.20-22.10.11:568][269]LogModuleManager: Shutting down and abandoning module UndoHistory (384)
[2018.02.20-22.10.11:568][269]LogModuleManager: Shutting down and abandoning module UserFeedback (382)
[2018.02.20-22.10.11:568][269]LogModuleManager: Shutting down and abandoning module XmlParser (380)
[2018.02.20-22.10.11:569][269]LogModuleManager: Shutting down and abandoning module Blutility (378)
[2018.02.20-22.10.11:569][269]LogModuleManager: Shutting down and abandoning module ProjectSettingsViewer (376)
[2018.02.20-22.10.11:569][269]LogModuleManager: Shutting down and abandoning module ProjectTargetPlatformEditor (375)
[2018.02.20-22.10.11:569][269]LogModuleManager: Shutting down and abandoning module EditorSettingsViewer (372)
[2018.02.20-22.10.11:569][269]LogModuleManager: Shutting down and abandoning module SettingsEditor (370)
[2018.02.20-22.10.11:570][269]LogModuleManager: Shutting down and abandoning module ProjectLauncher (368)
[2018.02.20-22.10.11:570][269]LogModuleManager: Shutting down and abandoning module SessionFrontend (366)
[2018.02.20-22.10.11:570][269]LogModuleManager: Shutting down and abandoning module ProfilerClient (364)
[2018.02.20-22.10.11:570][269]LogModuleManager: Shutting down and abandoning module DeviceManager (362)
[2018.02.20-22.10.11:570][269]LogModuleManager: Shutting down and abandoning module TargetDeviceServices (361)
[2018.02.20-22.10.11:634][269]LogModuleManager: Shutting down and abandoning module AutomationController (358)
[2018.02.20-22.10.11:634][269]LogModuleManager: Shutting down and abandoning module AutomationWindow (356)
[2018.02.20-22.10.11:634][269]LogModuleManager: Shutting down and abandoning module Layers (354)
[2018.02.20-22.10.11:634][269]LogModuleManager: Shutting down and abandoning module ComponentVisualizers (352)
[2018.02.20-22.10.11:634][269]LogModuleManager: Shutting down and abandoning module DetailCustomizations (350)
[2018.02.20-22.10.11:635][269]LogModuleManager: Shutting down and abandoning module PackagesDialog (348)
[2018.02.20-22.10.11:635][269]LogModuleManager: Shutting down and abandoning module Persona (346)
[2018.02.20-22.10.11:636][269]LogModuleManager: Shutting down and abandoning module AnimGraph (345)
[2018.02.20-22.10.11:636][269]LogModuleManager: Shutting down and abandoning module Kismet (342)
[2018.02.20-22.10.11:637][269]LogModuleManager: Shutting down and abandoning module GraphEditor (340)
[2018.02.20-22.10.11:640][269]LogModuleManager: Shutting down and abandoning module ClassViewer (338)
[2018.02.20-22.10.11:640][269]LogModuleManager: Shutting down and abandoning module Toolbox (336)
[2018.02.20-22.10.11:640][269]LogModuleManager: Shutting down and abandoning module ModuleUI (334)
[2018.02.20-22.10.11:640][269]LogModuleManager: Shutting down and abandoning module MovieSceneTools (332)
[2018.02.20-22.10.11:641][269]LogModuleManager: Shutting down and abandoning module OutputLog (330)
[2018.02.20-22.10.11:641][269]LogModuleManager: Shutting down and abandoning module GammaUI (328)
[2018.02.20-22.10.11:641][269]LogModuleManager: Shutting down and abandoning module Documentation (326)
[2018.02.20-22.10.11:641][269]LogModuleManager: Shutting down and abandoning module Niagara (324)
[2018.02.20-22.10.11:641][269]LogModuleManager: Shutting down and abandoning module StreamingPauseRendering (322)
[2018.02.20-22.10.11:641][269]LogModuleManager: Shutting down and abandoning module AnalyticsET (320)
[2018.02.20-22.10.11:641][269]LogModuleManager: Shutting down and abandoning module PortalServices (318)
[2018.02.20-22.10.11:641][269]LogModuleManager: Shutting down and abandoning module PortalRpc (316)
[2018.02.20-22.10.11:641][269]LogModuleManager: Shutting down and abandoning module MessagingRpc (314)
[2018.02.20-22.10.11:641][269]LogModuleManager: Shutting down and abandoning module AIModule (312)
[2018.02.20-22.10.11:641][269]LogModuleManager: Shutting down and abandoning module GameplayDebugger (311)
[2018.02.20-22.10.11:641][269]LogModuleManager: Shutting down and abandoning module AITestSuite (309)
[2018.02.20-22.10.11:641][269]LogModuleManager: Shutting down and abandoning module ProfilerService (306)
[2018.02.20-22.10.11:720][269]LogModuleManager: Shutting down and abandoning module TaskGraph (304)
[2018.02.20-22.10.11:720][269]LogModuleManager: Shutting down and abandoning module SteamVRController (302)
[2018.02.20-22.10.11:720][269]LogModuleManager: Shutting down and abandoning module SteamVR (300)
[2018.02.20-22.10.11:720][269]LogModuleManager: Shutting down and abandoning module ProceduralMeshComponentEditor (298)
[2018.02.20-22.10.11:720][269]LogModuleManager: Shutting down and abandoning module ProceduralMeshComponent (296)
[2018.02.20-22.10.11:720][269]LogModuleManager: Shutting down and abandoning module OculusLibrary (294)
[2018.02.20-22.10.11:720][269]LogModuleManager: Shutting down and abandoning module OculusInput (292)
[2018.02.20-22.10.11:720][269]LogModuleManager: Shutting down and abandoning module MobilePatchingUtils (290)
[2018.02.20-22.10.11:720][269]LogModuleManager: Shutting down and abandoning module CustomMeshComponent (288)
[2018.02.20-22.10.11:720][269]LogModuleManager: Shutting down and abandoning module CableComponent (286)
[2018.02.20-22.10.11:720][269]LogModuleManager: Shutting down and abandoning module ArchVisCharacter (284)
[2018.02.20-22.10.11:720][269]LogModuleManager: Shutting down and abandoning module MediaPlayerEditor (280)
[2018.02.20-22.10.11:721][269]LogModuleManager: Shutting down and abandoning module HTML5Networking (278)
[2018.02.20-22.10.11:721][269]LogModuleManager: Shutting down and abandoning module AlembicImporter (276)
[2018.02.20-22.10.11:721][269]LogModuleManager: Shutting down and abandoning module AlembicLibrary (275)
[2018.02.20-22.10.11:721][269]LogModuleManager: Shutting down and abandoning module GeometryCache (274)
[2018.02.20-22.10.11:721][269]LogModuleManager: Shutting down and abandoning module GeometryCacheEd (273)
[2018.02.20-22.10.11:721][269]LogModuleManager: Shutting down and abandoning module SuperSearchEditor (268)
[2018.02.20-22.10.11:721][269]LogModuleManager: Shutting down and abandoning module SuperSearch (267)
[2018.02.20-22.10.11:721][269]LogModuleManager: Shutting down and abandoning module SpeedTreeImporter (264)
[2018.02.20-22.10.11:721][269]LogModuleManager: Shutting down and abandoning module PluginBrowser (262)
[2018.02.20-22.10.11:721][269]LogModuleManager: Shutting down and abandoning module MobileLauncherProfileWizard (260)
[2018.02.20-22.10.11:721][269]LogModuleManager: Shutting down and abandoning module EpicSurvey (258)
[2018.02.20-22.10.11:721][269]LogModuleManager: Shutting down and abandoning module VisualStudioSourceCodeAccess (256)
[2018.02.20-22.10.11:721][269]LogModuleManager: Shutting down and abandoning module DesktopPlatform (255)
[2018.02.20-22.10.11:721][269]LogModuleManager: Shutting down and abandoning module UObjectPlugin (252)
[2018.02.20-22.10.11:721][269]LogModuleManager: Shutting down and abandoning module SubversionSourceControl (250)
[2018.02.20-22.10.11:721][269]LogModuleManager: Shutting down and abandoning module PerforceSourceControl (248)
[2018.02.20-22.10.11:721][269]LogModuleManager: Shutting down and abandoning module GitSourceControl (246)
[2018.02.20-22.10.11:721][269]LogModuleManager: Shutting down and abandoning module SourceControl (245)
[2018.02.20-22.10.11:721][269]LogModuleManager: Shutting down and abandoning module LightPropagationVolumeEditor (242)
[2018.02.20-22.10.11:721][269]LogModuleManager: Shutting down and abandoning module PaperTiledImporter (240)
[2018.02.20-22.10.11:721][269]LogModuleManager: Shutting down and abandoning module PaperSpriteSheetImporter (238)
[2018.02.20-22.10.11:721][269]LogModuleManager: Shutting down and abandoning module Paper2DEditor (236)
[2018.02.20-22.10.11:721][269]LogModuleManager: Shutting down and abandoning module MeshPaint (235)
[2018.02.20-22.10.11:721][269]LogModuleManager: Shutting down and abandoning module LevelEditor (233)
[2018.02.20-22.10.11:722][269]LogModuleManager: Shutting down and abandoning module PixelInspectorModule (232)
[2018.02.20-22.10.11:722][269]LogModuleManager: Shutting down and abandoning module MainFrame (230)
[2018.02.20-22.10.11:722][269]LogModuleManager: Shutting down and abandoning module HotReload (229)
[2018.02.20-22.10.11:723][269]LogModuleManager: Shutting down and abandoning module ContentBrowser (225)
[2018.02.20-22.10.11:724][269]LogModuleManager: Shutting down and abandoning module PhysXVehiclesEditor (222)
[2018.02.20-22.10.11:724][269]LogModuleManager: Shutting down and abandoning module PhysXVehicles (220)
[2018.02.20-22.10.11:724][269]LogModuleManager: Shutting down and abandoning module LocationServicesBPLibrary (218)
[2018.02.20-22.10.11:724][269]LogModuleManager: Shutting down and abandoning module UdpMessaging (216)
[2018.02.20-22.10.11:825][269]LogModuleManager: Shutting down and abandoning module TcpMessaging (214)
[2018.02.20-22.10.11:926][269]LogModuleManager: Shutting down and abandoning module GameplayTagsEditor (212)
[2018.02.20-22.10.11:926][269]LogModuleManager: Shutting down and abandoning module FacialAnimationEditor (210)
[2018.02.20-22.10.11:926][269]LogModuleManager: Shutting down and abandoning module FacialAnimation (208)
[2018.02.20-22.10.11:926][269]LogModuleManager: Shutting down and abandoning module LightPropagationVolumeRuntime (206)
[2018.02.20-22.10.11:926][269]LogModuleManager: Shutting down and abandoning module Paper2D (204)
[2018.02.20-22.10.11:926][269]LogModuleManager: Shutting down and abandoning module WindowsMoviePlayer (202)
[2018.02.20-22.10.11:926][269]LogModuleManager: Shutting down and abandoning module WmfMedia (200)
[2018.02.20-22.10.11:928][269]LogModuleManager: Shutting down and abandoning module MfMedia (198)
[2018.02.20-22.10.11:928][269]LogModuleManager: Shutting down and abandoning module MediaAssets (196)
[2018.02.20-22.10.11:928][269]LogModuleManager: Shutting down and abandoning module GameLiveStreaming (194)
[2018.02.20-22.10.11:928][269]LogModuleManager: Shutting down and abandoning module VREditor (192)
[2018.02.20-22.10.11:928][269]LogModuleManager: Shutting down and abandoning module GameplayTasksEditor (190)
[2018.02.20-22.10.11:928][269]LogModuleManager: Shutting down and abandoning module BehaviorTreeEditor (188)
[2018.02.20-22.10.11:928][269]LogModuleManager: Shutting down and abandoning module FunctionalTesting (186)
[2018.02.20-22.10.11:928][269]LogModuleManager: Shutting down and abandoning module CollisionAnalyzer (184)
[2018.02.20-22.10.11:928][269]LogModuleManager: Shutting down and abandoning module UMG (182)
[2018.02.20-22.10.11:931][269]LogModuleManager: Shutting down and abandoning module UMGEditor (181)
[2018.02.20-22.10.11:934][269]LogModuleManager: Shutting down and abandoning module Sequencer (180)
[2018.02.20-22.10.11:936][269]LogModuleManager: Shutting down and abandoning module AssetTools (178)
[2018.02.20-22.10.11:937][269]LogModuleManager: Shutting down and abandoning module MessageLog (177)
[2018.02.20-22.10.11:937][269]LogModuleManager: Shutting down and abandoning module WorkspaceMenuStructure (176)
[2018.02.20-22.10.11:937][269]LogModuleManager: Shutting down and abandoning module SlateReflector (170)
[2018.02.20-22.10.11:937][269]LogModuleManager: Shutting down and abandoning module Slate (168)
[2018.02.20-22.10.11:937][269]LogModuleManager: Shutting down and abandoning module EditorStyle (166)
[2018.02.20-22.10.11:943][269]LogModuleManager: Shutting down and abandoning module SourceCodeAccess (164)
[2018.02.20-22.10.11:943][269]LogModuleManager: Shutting down and abandoning module HeadMountedDisplay (162)
[2018.02.20-22.10.11:943][269]LogModuleManager: Shutting down and abandoning module XAudio2 (160)
[2018.02.20-22.10.11:943][269]LogModuleManager: Shutting down and abandoning module Networking (158)
[2018.02.20-22.10.11:943][269]LogModuleManager: Shutting down and abandoning module Core (154)
[2018.02.20-22.10.11:943][269]LogModuleManager: Shutting down and abandoning module AssetRegistry (152)
[2018.02.20-22.10.12:167][269]LogDirectoryWatcher: A directory notification for '../../../Engine/Content/' was aborted.
[2018.02.20-22.10.12:167][269]LogDirectoryWatcher: A directory notification for '../../../../../Users/pguardia/Documents/Unreal Projects/Terreno_01/Content/' was aborted.
[2018.02.20-22.10.12:167][269]LogDirectoryWatcher: A directory notification for '../../../Engine/Plugins/2D/Paper2D/Content/' was aborted.
[2018.02.20-22.10.12:167][269]LogModuleManager: Shutting down and abandoning module DirectoryWatcher (151)
[2018.02.20-22.10.12:168][269]LogModuleManager: Shutting down and abandoning module KismetCompiler (148)
[2018.02.20-22.10.12:168][269]LogModuleManager: Shutting down and abandoning module PhysXFormats (146)
[2018.02.20-22.10.12:168][269]LogModuleManager: Shutting down and abandoning module MeshUtilities (144)
[2018.02.20-22.10.12:168][269]LogModuleManager: Shutting down and abandoning module SimplygonSwarm (143)
[2018.02.20-22.10.12:168][269]LogModuleManager: Shutting down and abandoning module SimplygonMeshReduction (141)
[2018.02.20-22.10.12:168][269]LogModuleManager: Shutting down and abandoning module QuadricMeshReduction (139)
[2018.02.20-22.10.12:168][269]LogModuleManager: Shutting down and abandoning module PropertyEditor (137)
[2018.02.20-22.10.12:168][269]LogModuleManager: Shutting down and abandoning module DerivedDataCache (134)
[2018.02.20-22.10.12:184][269]LogDerivedDataCache: Shutdown
[2018.02.20-22.10.12:184][269]LogModuleManager: Shutting down and abandoning module TargetPlatform (132)
[2018.02.20-22.10.12:184][269]LogModuleManager: Shutting down and abandoning module VulkanShaderFormat (131)
[2018.02.20-22.10.12:184][269]LogModuleManager: Shutting down and abandoning module ShaderFormatOpenGL (129)
[2018.02.20-22.10.12:184][269]LogModuleManager: Shutting down and abandoning module ShaderFormatD3D (127)
[2018.02.20-22.10.12:184][269]LogModuleManager: Shutting down and abandoning module MetalShaderFormat (125)
[2018.02.20-22.10.12:184][269]LogModuleManager: Shutting down and abandoning module TextureFormatUncompressed (123)
[2018.02.20-22.10.12:184][269]LogModuleManager: Shutting down and abandoning module TextureFormatPVR (121)
[2018.02.20-22.10.12:184][269]LogModuleManager: Shutting down and abandoning module TextureFormatDXT (119)
[2018.02.20-22.10.12:184][269]LogModuleManager: Shutting down and abandoning module TextureFormatIntelISPCTexComp (117)
[2018.02.20-22.10.12:187][269]LogModuleManager: Shutting down and abandoning module TextureFormatASTC (115)
[2018.02.20-22.10.12:187][269]LogModuleManager: Shutting down and abandoning module ImageWrapper (114)
[2018.02.20-22.10.12:187][269]LogModuleManager: Shutting down and abandoning module TextureFormatAndroid (111)
[2018.02.20-22.10.12:187][269]LogModuleManager: Shutting down and abandoning module AudioFormatOpus (109)
[2018.02.20-22.10.12:187][269]LogModuleManager: Shutting down and abandoning module AudioFormatOgg (107)
[2018.02.20-22.10.12:187][269]LogModuleManager: Shutting down and abandoning module AudioFormatADPCM (105)
[2018.02.20-22.10.12:187][269]LogModuleManager: Shutting down and abandoning module LinuxTargetPlatform (103)
[2018.02.20-22.10.12:187][269]LogModuleManager: Shutting down and abandoning module LinuxServerTargetPlatform (101)
[2018.02.20-22.10.12:187][269]LogModuleManager: Shutting down and abandoning module LinuxNoEditorTargetPlatform (99)
[2018.02.20-22.10.12:187][269]LogModuleManager: Shutting down and abandoning module LinuxClientTargetPlatform (97)
[2018.02.20-22.10.12:187][269]LogModuleManager: Shutting down and abandoning module TVOSTargetPlatform (95)
[2018.02.20-22.10.12:187][269]LogModuleManager: Shutting down and abandoning module Messaging (93)
[2018.02.20-22.10.12:187][269]LogModuleManager: Shutting down and abandoning module IOSTargetPlatform (91)
[2018.02.20-22.10.12:187][269]LogModuleManager: Shutting down and abandoning module HTML5TargetPlatform (89)
[2018.02.20-22.10.12:187][269]LogModuleManager: Shutting down and abandoning module Android_PVRTCTargetPlatform (87)
[2018.02.20-22.10.12:187][269]LogModuleManager: Shutting down and abandoning module Android_MultiTargetPlatform (85)
[2018.02.20-22.10.12:188][269]LogModuleManager: Shutting down and abandoning module Android_ETC2TargetPlatform (83)
[2018.02.20-22.10.12:188][269]LogModuleManager: Shutting down and abandoning module Android_ETC1TargetPlatform (81)
[2018.02.20-22.10.12:188][269]LogModuleManager: Shutting down and abandoning module Android_DXTTargetPlatform (79)
[2018.02.20-22.10.12:188][269]LogModuleManager: Shutting down and abandoning module Android_ATCTargetPlatform (77)
[2018.02.20-22.10.12:188][269]LogModuleManager: Shutting down and abandoning module Android_ASTCTargetPlatform (75)
[2018.02.20-22.10.12:188][269]LogModuleManager: Shutting down and abandoning module AndroidTargetPlatform (73)
[2018.02.20-22.10.12:188][269]LogModuleManager: Shutting down and abandoning module WindowsTargetPlatform (71)
[2018.02.20-22.10.12:188][269]LogModuleManager: Shutting down and abandoning module WindowsServerTargetPlatform (69)
[2018.02.20-22.10.12:188][269]LogModuleManager: Shutting down and abandoning module WindowsNoEditorTargetPlatform (67)
[2018.02.20-22.10.12:189][269]LogModuleManager: Shutting down and abandoning module WindowsClientTargetPlatform (65)
[2018.02.20-22.10.12:189][269]LogModuleManager: Shutting down and abandoning module MacTargetPlatform (63)
[2018.02.20-22.10.12:189][269]LogModuleManager: Shutting down and abandoning module MacServerTargetPlatform (61)
[2018.02.20-22.10.12:189][269]LogModuleManager: Shutting down and abandoning module MacNoEditorTargetPlatform (59)
[2018.02.20-22.10.12:189][269]LogModuleManager: Shutting down and abandoning module MacClientTargetPlatform (57)
[2018.02.20-22.10.12:189][269]LogModuleManager: Shutting down and abandoning module AllDesktopTargetPlatform (55)
[2018.02.20-22.10.12:189][269]LogModuleManager: Shutting down and abandoning module InputCore (52)
[2018.02.20-22.10.12:189][269]LogModuleManager: Shutting down and abandoning module Settings (50)
[2018.02.20-22.10.12:189][269]LogModuleManager: Shutting down and abandoning module OculusRift (48)
[2018.02.20-22.10.12:190][269]LogModuleManager: Shutting down and abandoning module GearVR (46)
[2018.02.20-22.10.12:190][269]LogModuleManager: Shutting down and abandoning module ExampleDeviceProfileSelector (44)
[2018.02.20-22.10.12:190][269]LogModuleManager: Shutting down and abandoning module OnlineBlueprintSupport (42)
[2018.02.20-22.10.12:190][269]LogModuleManager: Shutting down and abandoning module OnlineSubsystem (38)
[2018.02.20-22.10.12:190][269]LogOnline:Display: Unloading online subsystem: NULL
[2018.02.20-22.10.12:191][269]LogModuleManager: Shutting down and abandoning module XMPP (37)
[2018.02.20-22.10.12:193][269]LogModuleManager: Shutting down and abandoning module HTTP (35)
[2018.02.20-22.10.12:195][269]LogHttp:Display: Http module shutting down, but needs to wait on 1 outstanding Http requests:
[2018.02.20-22.10.12:195][269]LogHttp:Display: 	verb=[POST] url=[https://datarouter.ol.epicgames.com/datarouter/api/v1/public/data?SessionID=%7BF5E882C7-4301-695E-0195-C886EC61BD45%7D&AppID=UEEditor.Rocket.Release&AppVersion=4.15.3-3450819%2B%2B%2BUE4%2BRelease-4.15&UserID=c18baeec461bcf04c3377e826b4a7433%7C5df1c7db52f0431390bdfe50df490fc4%7C97f59e4d-cdb2-4807-a3c7-6f16899c5874&AppEnvironment=datacollector-binary&UploadType=eteventstream] status=Processing
[2018.02.20-22.10.12:228][269]LogModuleManager: Shutting down and abandoning module SSL (34)
[2018.02.20-22.10.12:230][269]LogModuleManager: Shutting down and abandoning module AudioEditor (30)
[2018.02.20-22.10.12:231][269]LogModuleManager: Shutting down and abandoning module TextureCompressor (28)
[2018.02.20-22.10.12:232][269]LogModuleManager: Shutting down and abandoning module ShaderCore (26)
[2018.02.20-22.10.12:232][269]LogModuleManager: Shutting down and abandoning module Landscape (24)
[2018.02.20-22.10.12:232][269]LogModuleManager: Shutting down and abandoning module SlateRHIRenderer (22)
[2018.02.20-22.10.12:234][269]LogModuleManager: Shutting down and abandoning module OpenGLDrv (20)
[2018.02.20-22.10.12:235][269]LogModuleManager: Shutting down and abandoning module D3D11RHI (18)
[2018.02.20-22.10.12:235][269]LogModuleManager: Shutting down and abandoning module AnimGraphRuntime (16)
[2018.02.20-22.10.12:235][269]LogModuleManager: Shutting down and abandoning module Renderer (14)
[2018.02.20-22.10.12:235][269]LogModuleManager: Shutting down and abandoning module Engine (12)
[2018.02.20-22.10.12:235][269]LogModuleManager: Shutting down and abandoning module CoreUObject (10)
[2018.02.20-22.10.12:235][269]LogModuleManager: Shutting down and abandoning module NetworkFile (8)
[2018.02.20-22.10.12:235][269]LogModuleManager: Shutting down and abandoning module StreamingFile (6)
[2018.02.20-22.10.12:235][269]LogModuleManager: Shutting down and abandoning module SandboxFile (4)
[2018.02.20-22.10.12:235][269]LogModuleManager: Shutting down and abandoning module PakFile (2)
[2018.02.20-22.10.12:237][269]LogExit: Exiting.
[2018.02.20-22.10.12:255][269]Log file closed, 02/20/18 23:10:12
