Log file open, 02/20/18 17:52:13
LogInit:Display: Running engine for game: Terreno_01
LogPlatformFile: Not using cached read wrapper
LogInit:Display: RandInit(1161181757) SRandInit(1161181758).
LogTaskGraph: Started task graph with 5 named threads and 6 total threads with 1 sets of task threads.
LogStats: Stats thread started at 0.151795
LogInit: Using libcurl 7.47.1
LogInit:  - built for x86_64-pc-win32
LogInit:  - supports SSL with OpenSSL/1.0.2g
LogInit:  - supports HTTP deflate (compression) using libz 1.2.8
LogInit:  - other features:
LogInit:      CURL_VERSION_SSL
LogInit:      CURL_VERSION_LIBZ
LogInit:      CURL_VERSION_IPV6
LogInit:      CURL_VERSION_ASYNCHDNS
LogInit:      CURL_VERSION_LARGEFILE
LogInit:      CURL_VERSION_IDN
LogInit:  CurlRequestOptions (configurable via config and command line):
LogInit:  - bVerifyPeer = false  - Libcurl will NOT verify peer certificate
LogInit:  - bUseHttpProxy = false  - Libcurl will NOT use HTTP proxy
LogInit:  - bDontReuseConnections = false  - Libcurl will reuse connections
LogInit:  - CertBundlePath = nullptr  - Libcurl will use whatever was configured at build time.
LogInit: Build: ++UE4+Release-4.15-CL-3450819
LogInit: Engine Version: 4.15.3-3450819+++UE4+Release-4.15
LogInit: Compatible Engine Version: 4.15.0-3299760+++UE4+Release-4.15
LogInit: Net CL: 3299760
LogDevObjectVersion: Number of dev versions registered: 14
LogDevObjectVersion:   Dev-Blueprints (B0D832E4-1F89-4F0D-ACCF-7EB736FD4AA2): 8
LogDevObjectVersion:   Dev-Build (E1C64328-A22C-4D53-A36C-8E866417BD8C): 0
LogDevObjectVersion:   Dev-Core (375EC13C-06E4-48FB-B500-84F0262A717E): 2
LogDevObjectVersion:   Dev-Editor (E4B068ED-F494-42E9-A231-DA0B2E46BB41): 14
LogDevObjectVersion:   Dev-Framework (CFFC743F-43B0-4480-9391-14DF171D2073): 22
LogDevObjectVersion:   Dev-Mobile (B02B49B5-BB20-44E9-A304-32B752E40360): 0
LogDevObjectVersion:   Dev-Networking (A4E4105C-59A1-49B5-A7C5-40C4547EDFEE): 0
LogDevObjectVersion:   Dev-Online (39C831C9-5AE6-47DC-9A44-9C173E1C8E7C): 0
LogDevObjectVersion:   Dev-Physics (78F01B33-EBEA-4F98-B9B4-84EACCB95AA2): 0
LogDevObjectVersion:   Dev-Platform (6631380F-2D4D-43E0-8009-CF276956A95A): 0
LogDevObjectVersion:   Dev-Rendering (12F88B9F-8875-4AFC-A67C-D90C383ABD29): 12
LogDevObjectVersion:   Dev-Sequencer (7B5AE74C-D270-4C10-A958-57980B212A5A): 3
LogDevObjectVersion:   Dev-VR (D7296918-1DD6-4BDD-9DE2-64A83CC13884): 0
LogDevObjectVersion:   Dev-LoadTimes (C2A15278-BFE7-4AFE-6C17-90FF531DF755): 1
LogInit: Compiled (64-bit): May 21 2017 11:02:34
LogInit: Compiled with Visual C++: 19.00.23026.00
LogInit: Build Configuration: Development
LogInit: Branch Name: ++UE4+Release-4.15
LogInit: Command line:  
LogInit: Base directory: C:/EPICS/UE_4.15/Engine/Binaries/Win64/
LogInit: Installed Engine Build: 1
LogInit: Presizing for max 8388607 objects, including 0 objects not considered by GC, pre-allocating 0 bytes for permanent pool.
LogInit: Object subsystem initialized
[2018.02.20-16.52.16:920][  0]LogInit: Selected Device Profile: [Windows]
[2018.02.20-16.52.16:920][  0]LogInit: Applying CVar settings loaded from the selected device profile: [Windows]
[2018.02.20-16.52.16:962][  0]LogInit: Computer: NB-025-06
[2018.02.20-16.52.16:962][  0]LogInit: User: pguardia
[2018.02.20-16.52.16:962][  0]LogInit: CPU Page size=65536, Cores=2
[2018.02.20-16.52.16:962][  0]LogInit: High frequency timer resolution =2.437497 MHz
[2018.02.20-16.52.16:962][  0]LogMemory: Memory total: Physical=7.9GB (8GB approx)
[2018.02.20-16.52.16:962][  0]LogMemory: Platform Memory Stats for Windows
[2018.02.20-16.52.16:962][  0]LogMemory: Process Physical Memory: 262.67 MB used, 262.67 MB peak
[2018.02.20-16.52.16:962][  0]LogMemory: Process Virtual Memory: 261.82 MB used, 261.82 MB peak
[2018.02.20-16.52.16:963][  0]LogMemory: Physical Memory: 5774.80 MB used,  2342.31 MB free, 8117.11 MB total
[2018.02.20-16.52.16:963][  0]LogMemory: Virtual Memory: 676.43 MB used,  2342.31 MB free, 134217728.00 MB total
[2018.02.20-16.52.17:332][  0]LogTextLocalizationManager: No specific translations for ('es-ES') exist, so ('es') translations will be used.
[2018.02.20-16.52.18:838][  0]LogD3D11RHI: D3D11 adapters:
[2018.02.20-16.52.18:861][  0]LogD3D11RHI:    0. 'Intel(R) HD Graphics 520' (Feature Level 11_0)
[2018.02.20-16.52.18:861][  0]LogD3D11RHI:       128/0/4058 MB DedicatedVideo/DedicatedSystem/SharedSystem, Outputs:1, VendorId:0x8086
[2018.02.20-16.52.18:867][  0]LogD3D11RHI:    1. 'Microsoft Basic Render Driver' (Feature Level 11_0)
[2018.02.20-16.52.18:867][  0]LogD3D11RHI:       0/0/4058 MB DedicatedVideo/DedicatedSystem/SharedSystem, Outputs:0, VendorId:0x1414
[2018.02.20-16.52.18:867][  0]LogD3D11RHI: Chosen D3D11 Adapter: 0
[2018.02.20-16.52.18:885][  0]LogD3D11RHI: Creating new Direct3DDevice
[2018.02.20-16.52.18:886][  0]LogD3D11RHI:     GPU DeviceId: 0x1916 (for the marketing name, search the web for "GPU Device Id")
[2018.02.20-16.52.18:886][  0]LogWindows: EnumDisplayDevices:
[2018.02.20-16.52.18:886][  0]LogWindows:    0. 'Intel(R) HD Graphics 520' (P:1 D:1)
[2018.02.20-16.52.18:887][  0]LogWindows:    1. 'Intel(R) HD Graphics 520' (P:0 D:0)
[2018.02.20-16.52.18:887][  0]LogWindows:    2. 'Intel(R) HD Graphics 520' (P:0 D:0)
[2018.02.20-16.52.18:888][  0]LogWindows: DebugString: GetVideoDriverDetailsInvalid PrimaryIsNotTheChoosenAdapter GetVideoDriverDetailsInvalid PrimaryIsNotTheChoosenAdapter GetVideoDriverDetailsInvalid PrimaryIsNotTheChoosenAdapter FoundDriverCount:0 
[2018.02.20-16.52.18:888][  0]LogD3D11RHI:     Adapter Name: Intel(R) HD Graphics 520
[2018.02.20-16.52.18:888][  0]LogD3D11RHI:   Driver Version: Unknown (internal:Unknown, unified:Unknown)
[2018.02.20-16.52.18:888][  0]LogD3D11RHI:      Driver Date: Unknown
[2018.02.20-16.52.18:888][  0]LogRHI: Texture pool is 1361 MB (70% of 1945 MB)
[2018.02.20-16.52.18:901][  0]LogD3D11RHI: Async texture creation enabled
[2018.02.20-16.52.18:920][  0]LogD3D11RHI: GPU Timing Frequency: 12.000000 (Debug: 2 0)
[2018.02.20-16.52.18:922][  0]LogShaderCompilers: Guid format shader working directory is -18 characters bigger than the processId version (../../../../../Users/pguardia/Documents/Unreal Projects/Terreno_01/Intermediate/Shaders/WorkingDirectory/15056/).
[2018.02.20-16.52.18:922][  0]LogShaderCompilers: Cleaned the shader compiler working directory 'C:/Users/pguardia/AppData/Local/Temp/UnrealShaderWorkingDir/1C980C794234C65C271A07829EBBFACF/'.
[2018.02.20-16.52.18:922][  0]LogShaderCompilers:Display: Using Local Shader Compiler.
[2018.02.20-16.52.22:458][  0]LogTemp:Display: Loaded TP AllDesktopTargetPlatform
[2018.02.20-16.52.22:701][  0]LogTemp:Display: Loaded TP MacClientTargetPlatform
[2018.02.20-16.52.22:954][  0]LogTemp:Display: Loaded TP MacNoEditorTargetPlatform
[2018.02.20-16.52.23:187][  0]LogTemp:Display: Loaded TP MacServerTargetPlatform
[2018.02.20-16.52.23:417][  0]LogTemp:Display: Loaded TP MacTargetPlatform
[2018.02.20-16.52.23:657][  0]LogTemp:Display: Loaded TP WindowsClientTargetPlatform
[2018.02.20-16.52.23:892][  0]LogTemp:Display: Loaded TP WindowsNoEditorTargetPlatform
[2018.02.20-16.52.24:127][  0]LogTemp:Display: Loaded TP WindowsServerTargetPlatform
[2018.02.20-16.52.24:320][  0]LogTemp:Display: Loaded TP WindowsTargetPlatform
[2018.02.20-16.52.24:538][  0]LogTemp:Display: Loaded TP AndroidTargetPlatform
[2018.02.20-16.52.24:767][  0]LogTemp:Display: Loaded TP Android_ASTCTargetPlatform
[2018.02.20-16.52.24:995][  0]LogTemp:Display: Loaded TP Android_ATCTargetPlatform
[2018.02.20-16.52.25:206][  0]LogTemp:Display: Loaded TP Android_DXTTargetPlatform
[2018.02.20-16.52.25:419][  0]LogTemp:Display: Loaded TP Android_ETC1TargetPlatform
[2018.02.20-16.52.25:629][  0]LogTemp:Display: Loaded TP Android_ETC2TargetPlatform
[2018.02.20-16.52.26:059][  0]LogTemp:Display: Loaded TP Android_MultiTargetPlatform
[2018.02.20-16.52.26:060][  0]LogTemp:Display: Loaded TP Android_PVRTCTargetPlatform
[2018.02.20-16.52.26:219][  0]LogTemp:Display: Loaded TP HTML5TargetPlatform
[2018.02.20-16.52.26:524][  0]LogTemp:Display: Loaded TP IOSTargetPlatform
[2018.02.20-16.52.26:647][  0]LogTemp:Display: Loaded TP TVOSTargetPlatform
[2018.02.20-16.52.26:833][  0]LogTemp:Display: Loaded TP LinuxClientTargetPlatform
[2018.02.20-16.52.27:020][  0]LogTemp:Display: Loaded TP LinuxNoEditorTargetPlatform
[2018.02.20-16.52.27:220][  0]LogTemp:Display: Loaded TP LinuxServerTargetPlatform
[2018.02.20-16.52.27:417][  0]LogTemp:Display: Loaded TP LinuxTargetPlatform
[2018.02.20-16.52.27:417][  0]LogTargetPlatformManager:Display: Building Assets For Windows
[2018.02.20-16.52.29:459][  0]LogDerivedDataCache:Display: Max Cache Size: 512 MB
[2018.02.20-16.52.29:609][  0]LogDerivedDataCache: Loaded boot cache 0.15s 55MB C:/Users/pguardia/AppData/Local/UnrealEngine/4.15/DerivedDataCache/Boot.ddc.
[2018.02.20-16.52.29:609][  0]LogDerivedDataCache:Display: Loaded Boot cache: C:/Users/pguardia/AppData/Local/UnrealEngine/4.15/DerivedDataCache/Boot.ddc
[2018.02.20-16.52.29:609][  0]LogDerivedDataCache: FDerivedDataBackendGraph:  Pak pak cache file ../../../../../Users/pguardia/Documents/Unreal Projects/Terreno_01/DerivedDataCache/DDC.ddp not found, will not use a pak cache.
[2018.02.20-16.52.29:609][  0]LogDerivedDataCache: Unable to find inner node Pak for hierarchical cache Hierarchy.
[2018.02.20-16.52.29:609][  0]LogDerivedDataCache: FDerivedDataBackendGraph:  CompressedPak pak cache file ../../../../../Users/pguardia/Documents/Unreal Projects/Terreno_01/DerivedDataCache/Compressed.ddp not found, will not use a pak cache.
[2018.02.20-16.52.29:609][  0]LogDerivedDataCache: Unable to find inner node CompressedPak for hierarchical cache Hierarchy.
[2018.02.20-16.52.29:659][  0]LogDerivedDataCache:Display: Pak cache opened for reading ../../../Engine/DerivedDataCache/Compressed.ddp.
[2018.02.20-16.52.29:675][  0]LogDerivedDataCache: Using Local data cache path C:/Users/pguardia/AppData/Local/UnrealEngine/Common/DerivedDataCache: Writable
[2018.02.20-16.52.29:707][  0]LogSlate: Using Freetype 2.6.0
[2018.02.20-16.52.29:708][  0]LogSlate: SlateFontCache - WITH_FREETYPE: 1, WITH_HARFBUZZ: 1
[2018.02.20-16.52.29:709][  0]LogSlate: SlateFontCache - WITH_FREETYPE: 1, WITH_HARFBUZZ: 1
[2018.02.20-16.52.30:645][  0]LogInit: Selected Device Profile: [Windows]
[2018.02.20-16.52.30:653][  0]LogContentStreaming: Texture pool size is 0.00 MB
[2018.02.20-16.52.31:505][  0]LogMeshUtilities: Using QuadricMeshReduction for automatic static mesh reduction
[2018.02.20-16.52.31:721][  0]LogSimplygon: Simplygon DLL not present - disabling.
[2018.02.20-16.52.31:961][  0]LogMeshUtilities: Using SimplygonSwarm for distributed automatic mesh merging
[2018.02.20-16.52.31:961][  0]LogMeshUtilities: No automatic skeletal mesh reduction module available
[2018.02.20-16.52.31:961][  0]LogMeshUtilities: No automatic mesh merging module available
[2018.02.20-16.52.33:917][  0]LogNetVersion: GetLocalNetworkVersion: CL: 3299760, ProjectName: terreno_01, ProjectVersion: , EngineNetworkVersion: 2, GameNetworkVersion: 0, NetworkChecksum: 1947591283
[2018.02.20-16.52.34:055][  0]LogAssetRegistry: FAssetRegistry took 0.0225 seconds to start up
[2018.02.20-16.52.34:259][  0]LogPackageLocalizationCache: Processed 3 localized package path(s) for 2 prioritized culture(s) in 0.103837 seconds
[2018.02.20-16.52.34:276][  0]LogUObjectArray: 32493 objects as part of root set at end of initial load.
[2018.02.20-16.52.34:276][  0]LogUObjectAllocator: 7077024 out of 0 bytes used by permanent object pool.
[2018.02.20-16.52.34:276][  0]LogUObjectArray: CloseDisregardForGC: 0/0 objects in disregard for GC pool
[2018.02.20-16.52.34:587][  0]LogInit: WinSock: version 1.1 (2.2), MaxSocks=32767, MaxUdp=65467
[2018.02.20-16.52.41:281][  0]LogTcpMessaging: Initializing TcpMessaging bridge
[2018.02.20-16.52.41:411][  0]LogUdpMessaging: Initializing bridge on interface 0.0.0.0:0 to multicast group 230.0.0.1:6666.
[2018.02.20-16.52.42:985][  0]LogMaterial: Uniform references updated for custom material expression Custom.
[2018.02.20-16.52.44:350][  0]SourceControl: Información El control de código fuente está desactivado
[2018.02.20-16.52.44:353][  0]SourceControl: Información El control de código fuente está desactivado
[2018.02.20-16.52.44:523][  0]SourceControl: Información El control de código fuente está desactivado
[2018.02.20-16.52.44:693][  0]SourceControl: Información El control de código fuente está desactivado
[2018.02.20-16.52.45:826][  0]LogLinker:Warning: No puede encontrar el archivo '/Game/FirstPersonBP/FirstPersonOverview'
[2018.02.20-16.52.45:826][  0]LogLinker:Warning: No puede encontrar el archivo '/Game/FirstPersonBP/FirstPersonOverview'
[2018.02.20-16.52.45:826][  0]LogUObjectGlobals:Warning: Error al encontrar el objeto 'Class /Game/FirstPersonBP/FirstPersonOverview.FirstPersonOverview_C'
[2018.02.20-16.52.49:525][  0]LogEngine: Initializing Engine...
[2018.02.20-16.52.49:527][  0]LogHMD: Failed to initialize OpenVR with code 110
[2018.02.20-16.52.49:795][  0]LogStats: UGameplayTagsManager::ConstructGameplayTagTree: Construct from data asset -  0.000 s
[2018.02.20-16.52.49:795][  0]LogStats: UGameplayTagsManager::ConstructGameplayTagTree: GameplayTagTreeChangedEvent.Broadcast -  0.000 s
[2018.02.20-16.52.50:256][  0]LogAIModule: Creating AISystem for world Untitled
[2018.02.20-16.52.50:295][  0]LogInit: XAudio2 using 'Auriculares (Realtek High Definition Audio(SST))' : 2 channels at 48 kHz using 32 bits per sample (channel mask 0x3)
[2018.02.20-16.52.50:920][  0]LogInit: FAudioDevice initialized.
[2018.02.20-16.52.51:012][  0]LogDerivedDataCache: Saved boot cache 0.09s 55MB C:/Users/pguardia/AppData/Local/UnrealEngine/4.15/DerivedDataCache/Boot.ddc.
[2018.02.20-16.52.51:035][  0]LogInit: Texture streaming: Enabled
[2018.02.20-16.52.51:443][  0]LogEngineSessionManager: EngineSessionManager initialized
[2018.02.20-16.52.51:821][  0]LogInit: Transaction tracking system initialized
[2018.02.20-16.52.53:311][  0]BlueprintLog: New page: Cargar el editor
[2018.02.20-16.52.57:008][  0]LocalizationService: Información Localization service is disabled
[2018.02.20-16.53.00:230][  0]LogConsoleResponse:Display: 
[2018.02.20-16.53.00:671][  0]LogCook:Display: Max memory allowance for cook 16384mb min free memory 0mb
[2018.02.20-16.53.00:671][  0]LogCook:Display: Mobile HDR setting 1
[2018.02.20-16.53.01:536][  0]LogFileCache: Scanning file cache for directory 'C:/Users/pguardia/Documents/Unreal Projects/Terreno_01/Content/' took 0.01s
[2018.02.20-16.53.04:911][  0]SourceControl: Información El control de código fuente está desactivado
[2018.02.20-16.53.04:911][  0]Cmd: MAP LOAD FILE="../../../Engine/Content/Maps/Templates/Template_Default.umap" TEMPLATE=1 SHOWPROGRESS=1 FEATURELEVEL=3
[2018.02.20-16.53.04:914][  0]LightingResults: New page: Diseñar la iluminación
[2018.02.20-16.53.05:098][  0]MapCheck: New page: Revisión del mapa
[2018.02.20-16.53.05:098][  0]LightingResults: New page: Diseñar la iluminación
[2018.02.20-16.53.05:630][  0]LogAIModule: Creating AISystem for world Untitled_1
[2018.02.20-16.53.05:669][  0]LogActorComponent: RegisterComponentWithWorld: (/Temp/Untitled_1.Untitled_1:PersistentLevel.WorldSettings_1.StaticMeshComponent0) Trying to register component with IsPendingKill() == true. Aborting.
[2018.02.20-16.53.05:683][  0]LogEditorServer: Finished looking for orphan Actors (0.000 secs)
[2018.02.20-16.53.05:715][  0]Cmd: MAP CHECKDEP NOCLEARLOG
[2018.02.20-16.53.05:853][  0]MapCheck: Información Map check complete: 0 Error(s), 0 Warning(s), took 137,406ms to complete.
[2018.02.20-16.53.05:853][  0]LogFileHelpers: Loading map 'Template_Default' took 0.942
[2018.02.20-16.53.05:961][  0]LogWindowsTextInputMethodSystem:Display: IME system now deactivated.
[2018.02.20-16.53.05:961][  0]LogWindowsTextInputMethodSystem:Display: IME system now deactivated.
[2018.02.20-16.53.06:338][  0]LogCollectionManager: Loaded 0 collections in 0.005510 seconds
[2018.02.20-16.53.06:578][  0]LogFileCache: Scanning file cache for directory 'C:/Users/pguardia/Documents/Unreal Projects/Terreno_01/Saved/Collections/' took 0.01s
[2018.02.20-16.53.06:578][  0]LogFileCache: Scanning file cache for directory 'C:/Users/pguardia/Documents/Unreal Projects/Terreno_01/Content/Developers/pguardia/Collections/' took 0.01s
[2018.02.20-16.53.06:578][  0]LogFileCache: Scanning file cache for directory 'C:/Users/pguardia/Documents/Unreal Projects/Terreno_01/Content/Collections/' took 0.01s
[2018.02.20-16.53.06:578][  0]LogCollectionManager: Rebuilt the GUID cache for 0 collections in 0.000004 seconds
[2018.02.20-16.53.06:601][  0]LogContentBrowser: Native class hierarchy populated in 0.0222 seconds. Added 2245 classes and 453 folders.
[2018.02.20-16.53.06:849][  0]LogContentBrowser: Native class hierarchy updated for 'WidgetCarousel' in 0.0009 seconds. Added 0 classes and 0 folders.
[2018.02.20-16.53.06:976][  0]LogContentBrowser: Native class hierarchy updated for 'AddContentDialog' in 0.0009 seconds. Added 0 classes and 0 folders.
[2018.02.20-16.53.07:141][  0]LogContentBrowser: Native class hierarchy updated for 'SceneOutliner' in 0.0009 seconds. Added 1 classes and 2 folders.
[2018.02.20-16.53.07:412][  0]LogCrashTracker: Crashtracker disabled due to settings.
[2018.02.20-16.53.07:427][  0]LogUObjectGlobals:Warning: Error al encontrar el objeto 'Class Ninguno.'
[2018.02.20-16.53.07:646][  0]LogContentBrowser: Native class hierarchy updated for 'HierarchicalLODOutliner' in 0.0019 seconds. Added 1 classes and 2 folders.
[2018.02.20-16.53.07:647][  0]LogLoad: (Engine Initialization) Total time: 57.04 seconds
[2018.02.20-16.53.07:647][  0]LogLoad: (Engine Initialization) Total Blueprint compile time: 0.31 seconds
[2018.02.20-16.53.07:647][  0]LogExternalProfiler: No external profilers were discovered.  External profiling features will not be available.
[2018.02.20-16.53.07:672][  0]LogOcInput: OculusInput pre-init called
[2018.02.20-16.53.07:699][  0]LogContentStreaming: Texture pool size now 400 MB
[2018.02.20-16.53.07:702][  0]LogSlate: Took 0.000498 seconds to synchronously load lazily loaded font '../../../Engine/Content/Slate/Fonts/Roboto-Regular.ttf' (155K)
[2018.02.20-16.53.07:709][  0]LogSlate: Took 0.000676 seconds to synchronously load lazily loaded font '../../../Engine/Content/Slate/Fonts/Roboto-Bold.ttf' (160K)
[2018.02.20-16.53.07:727][  0]LogSlate: Took 0.001265 seconds to synchronously load lazily loaded font '../../../Engine/Content/Editor/Slate/Fonts/FontAwesome.ttf' (139K)
[2018.02.20-16.53.07:890][  0]LogSlate: Took 0.000555 seconds to synchronously load lazily loaded font '../../../Engine/Content/Slate/Fonts/Roboto-Light.ttf' (159K)
[2018.02.20-16.53.08:002][  0]LogRenderer: Reallocating scene render targets to support 860x576 NumSamples 1 (Frame:2).
[2018.02.20-16.53.09:278][  3]LogAssetRegistry: Asset discovery search completed in 35.2448 seconds
[2018.02.20-16.53.09:278][  3]LogCollectionManager: Rebuilt the object cache for 0 collections in 0.000013 seconds (found 0 objects)
[2018.02.20-16.53.09:278][  3]LogCollectionManager: Fixed up redirectors for 0 collections in 0.000075 seconds (updated 0 objects)
[2018.02.20-16.53.33:233][130]LogPlayLevel: PlayLevel: No blueprints needed recompiling
[2018.02.20-16.53.33:235][130]PIE: New page: Sesión PIE (reproducción en el editor): Untitled_1 (20/2/2018 18:53:33)
[2018.02.20-16.53.33:235][130]LogPlayLevel: Creating play world package: /Temp/UEDPIE_0_Untitled_1
[2018.02.20-16.53.33:239][130]LogPlayLevel: PIE: StaticDuplicateObject took: (0.004063s)
[2018.02.20-16.53.33:240][130]LogAIModule: Creating AISystem for world Untitled_1
[2018.02.20-16.53.33:241][130]LogPlayLevel: PIE: World Init took: (0.001378s)
[2018.02.20-16.53.33:241][130]LogPlayLevel: PIE: Created PIE world by copying editor world from /Temp/Untitled_1.Untitled_1 to /Temp/UEDPIE_0_Untitled_1.Untitled_1 (0.005806s)
[2018.02.20-16.53.33:301][130]LogInit: XAudio2 using 'Auriculares (Realtek High Definition Audio(SST))' : 2 channels at 48 kHz using 32 bits per sample (channel mask 0x3)
[2018.02.20-16.53.33:334][130]LogInit: FAudioDevice initialized.
[2018.02.20-16.53.33:473][130]LogLoad: Game class is 'GameModeBase'
[2018.02.20-16.53.33:479][130]LogWorld: Bringing World /Temp/UEDPIE_0_Untitled_1.Untitled_1 up for play (max tick rate 60) at 2018.02.20-17.53.33
[2018.02.20-16.53.33:481][130]LogWorld: Bringing up level for play took: 0.005449
[2018.02.20-16.53.33:687][130]LogContentBrowser: Native class hierarchy updated for 'MovieSceneCapture' in 0.0011 seconds. Added 11 classes and 0 folders.
[2018.02.20-16.53.33:714][130]PIE: Información Tiempo de inicio de la reproducción en el editor para  /Temp/UEDPIE_0_Untitled_1 0,93
[2018.02.20-16.54.05:036][467]LogEditorViewport: Clicking on Actor (LMB): PlayerStart (Player Start)
[2018.02.20-16.54.07:264][538]Cmd: CAMERA ALIGN ACTIVEVIEWPORTONLY
[2018.02.20-16.54.24:107][ 98]Cmd: CAMERA ALIGN ACTIVEVIEWPORTONLY
[2018.02.20-16.54.31:338][343]Cmd: CAMERA ALIGN ACTIVEVIEWPORTONLY
[2018.02.20-16.54.39:311][615]Cmd: CAMERA ALIGN ACTIVEVIEWPORTONLY
[2018.02.20-16.54.43:832][777]Cmd: CAMERA ALIGN ACTIVEVIEWPORTONLY
[2018.02.20-16.54.54:127][170]Cmd: CAMERA ALIGN ACTIVEVIEWPORTONLY
[2018.02.20-16.55.04:272][541]LogTemp: Repeting last play command: New Editor Window (PIE)
[2018.02.20-16.55.04:296][541]LogPlayLevel: PlayLevel: No blueprints needed recompiling
[2018.02.20-16.55.04:296][541]PIE: New page: Sesión PIE (reproducción en el editor): Untitled_1 (20/2/2018 18:55:04)
[2018.02.20-16.55.04:296][541]LogPlayLevel: Creating play world package: /Temp/UEDPIE_0_Untitled_1
[2018.02.20-16.55.04:301][541]LogPlayLevel: PIE: StaticDuplicateObject took: (0.003768s)
[2018.02.20-16.55.04:301][541]LogAIModule: Creating AISystem for world Untitled_1
[2018.02.20-16.55.04:302][541]LogPlayLevel: PIE: World Init took: (0.001031s)
[2018.02.20-16.55.04:302][541]LogPlayLevel: PIE: Created PIE world by copying editor world from /Temp/Untitled_1.Untitled_1 to /Temp/UEDPIE_0_Untitled_1.Untitled_1 (0.005093s)
[2018.02.20-16.55.04:388][541]LogInit: XAudio2 using 'Auriculares (Realtek High Definition Audio(SST))' : 2 channels at 48 kHz using 32 bits per sample (channel mask 0x3)
[2018.02.20-16.55.04:429][541]LogInit: FAudioDevice initialized.
[2018.02.20-16.55.04:502][541]LogLoad: Game class is 'GameModeBase'
[2018.02.20-16.55.04:505][541]LogWorld: Bringing World /Temp/UEDPIE_0_Untitled_1.Untitled_1 up for play (max tick rate 60) at 2018.02.20-17.55.04
[2018.02.20-16.55.04:505][541]LogWorld: Bringing up level for play took: 0.001994
[2018.02.20-16.55.04:519][541]PIE: Información Tiempo de inicio de la reproducción en el editor para  /Temp/UEDPIE_0_Untitled_1 -0,265
[2018.02.20-16.55.28:272][689]LogTemp: Repeting last play command: New Editor Window (PIE)
[2018.02.20-16.55.28:302][689]LogPlayLevel: PlayLevel: No blueprints needed recompiling
[2018.02.20-16.55.28:302][689]PIE: New page: Sesión PIE (reproducción en el editor): Untitled_1 (20/2/2018 18:55:28)
[2018.02.20-16.55.28:303][689]LogPlayLevel: Creating play world package: /Temp/UEDPIE_0_Untitled_1
[2018.02.20-16.55.28:306][689]LogPlayLevel: PIE: StaticDuplicateObject took: (0.003120s)
[2018.02.20-16.55.28:307][689]LogAIModule: Creating AISystem for world Untitled_1
[2018.02.20-16.55.28:307][689]LogPlayLevel: PIE: World Init took: (0.001408s)
[2018.02.20-16.55.28:307][689]LogPlayLevel: PIE: Created PIE world by copying editor world from /Temp/Untitled_1.Untitled_1 to /Temp/UEDPIE_0_Untitled_1.Untitled_1 (0.004814s)
[2018.02.20-16.55.28:355][689]LogInit: XAudio2 using 'Auriculares (Realtek High Definition Audio(SST))' : 2 channels at 48 kHz using 32 bits per sample (channel mask 0x3)
[2018.02.20-16.55.28:387][689]LogInit: FAudioDevice initialized.
[2018.02.20-16.55.28:457][689]LogLoad: Game class is 'GameModeBase'
[2018.02.20-16.55.28:460][689]LogWorld: Bringing World /Temp/UEDPIE_0_Untitled_1.Untitled_1 up for play (max tick rate 60) at 2018.02.20-17.55.28
[2018.02.20-16.55.28:461][689]LogWorld: Bringing up level for play took: 0.002889
[2018.02.20-16.55.28:474][689]PIE: Información Tiempo de inicio de la reproducción en el editor para  /Temp/UEDPIE_0_Untitled_1 -0,31
[2018.02.20-16.55.48:009][507]LogTemp: Repeting last play command: New Editor Window (PIE)
[2018.02.20-16.55.48:035][507]LogPlayLevel: PlayLevel: No blueprints needed recompiling
[2018.02.20-16.55.48:036][507]PIE: New page: Sesión PIE (reproducción en el editor): Untitled_1 (20/2/2018 18:55:48)
[2018.02.20-16.55.48:036][507]LogPlayLevel: Creating play world package: /Temp/UEDPIE_0_Untitled_1
[2018.02.20-16.55.48:040][507]LogPlayLevel: PIE: StaticDuplicateObject took: (0.004105s)
[2018.02.20-16.55.48:043][507]LogAIModule: Creating AISystem for world Untitled_1
[2018.02.20-16.55.48:044][507]LogPlayLevel: PIE: World Init took: (0.004426s)
[2018.02.20-16.55.48:045][507]LogPlayLevel: PIE: Created PIE world by copying editor world from /Temp/Untitled_1.Untitled_1 to /Temp/UEDPIE_0_Untitled_1.Untitled_1 (0.008876s)
[2018.02.20-16.55.48:096][507]LogInit: XAudio2 using 'Auriculares (Realtek High Definition Audio(SST))' : 2 channels at 48 kHz using 32 bits per sample (channel mask 0x3)
[2018.02.20-16.55.48:132][507]LogInit: FAudioDevice initialized.
[2018.02.20-16.55.48:202][507]LogLoad: Game class is 'GameModeBase'
[2018.02.20-16.55.48:205][507]LogWorld: Bringing World /Temp/UEDPIE_0_Untitled_1.Untitled_1 up for play (max tick rate 60) at 2018.02.20-17.55.48
[2018.02.20-16.55.48:206][507]LogWorld: Bringing up level for play took: 0.003181
[2018.02.20-16.55.48:219][507]PIE: Información Tiempo de inicio de la reproducción en el editor para  /Temp/UEDPIE_0_Untitled_1 -0,564
[2018.02.20-16.56.08:355][315]LogRenderer: Reallocating scene render targets to support 860x756 NumSamples 1 (Frame:5688).
[2018.02.20-17.00.52:638][944]SourceControl:Error: Error Failed to enable Git source control. You need to initialize the project as a Git repository first.
[2018.02.20-17.41.41:755][718]SourceControl:Error: Error Failed to enable Git source control. You need to initialize the project as a Git repository first.
[2018.02.20-17.41.54:231][325]LogEditorViewport: Clicking on Actor (LMB): BP_Sky_Sphere_C (Sky Sphere)
[2018.02.20-17.41.56:093][393]Cmd: SELECT NONE
[2018.02.20-17.41.56:996][437]Cmd: SELECT NONE
[2018.02.20-17.42.03:982][777]SourceControl: Información El control de código fuente está desactivado
[2018.02.20-17.46.21:413][173]SourceControl:Error: Error Failed to enable Git source control. You need to initialize the project as a Git repository first.
[2018.02.20-17.46.28:163][504]SourceControl: Información El control de código fuente está desactivado
[2018.02.20-17.46.34:028][781]Cmd: QUIT_EDITOR
[2018.02.20-17.46.34:627][781]LogWindowsTextInputMethodSystem:Display: IME system now deactivated.
[2018.02.20-17.46.34:628][781]LogWindowsTextInputMethodSystem:Display: IME system now deactivated.
[2018.02.20-17.46.34:681][781]LogExit: Preparing to exit.
[2018.02.20-17.46.35:568][781]LogDirectoryWatcher: A directory notification for 'C:/Users/pguardia/Documents/Unreal Projects/Terreno_01/Content/' was aborted.
[2018.02.20-17.46.35:683][781]LogExit: Editor shut down
[2018.02.20-17.46.35:684][781]LogExit: Transaction tracking system shut down
[2018.02.20-17.46.35:842][781]LogObj: Freed 0b from 0 cluster array pools.
[2018.02.20-17.46.35:843][781]LogExit: Object subsystem successfully closed.
[2018.02.20-17.46.35:874][781]LogD3D11RHI: Shutdown
[2018.02.20-17.46.35:874][781]LogD3D11RHI: CleanupD3DDevice
[2018.02.20-17.46.35:977][781]LogD3D11RHI: ~FD3D11DynamicRHI
[2018.02.20-17.46.36:009][781]LogModuleManager: Shutting down and abandoning module MovieSceneCapture (500)
[2018.02.20-17.46.36:009][781]LogModuleManager: Shutting down and abandoning module HierarchicalLODOutliner (498)
[2018.02.20-17.46.36:009][781]LogModuleManager: Shutting down and abandoning module CrashTracker (496)
[2018.02.20-17.46.36:009][781]LogModuleManager: Shutting down and abandoning module SceneOutliner (494)
[2018.02.20-17.46.36:009][781]LogModuleManager: Shutting down and abandoning module AddContentDialog (492)
[2018.02.20-17.46.36:009][781]LogDirectoryWatcher: A directory notification for 'C:/EPICS/UE_4.15/FeaturePacks/' was aborted.
[2018.02.20-17.46.36:020][781]LogModuleManager: Shutting down and abandoning module WidgetCarousel (491)
[2018.02.20-17.46.36:020][781]LogModuleManager: Shutting down and abandoning module EditorWidgets (488)
[2018.02.20-17.46.36:020][781]LogModuleManager: Shutting down and abandoning module CollectionManager (486)
[2018.02.20-17.46.36:020][781]LogDirectoryWatcher: A directory notification for 'C:/Users/pguardia/Documents/Unreal Projects/Terreno_01/Content/Collections/' was aborted.
[2018.02.20-17.46.36:020][781]LogDirectoryWatcher: A directory notification for 'C:/Users/pguardia/Documents/Unreal Projects/Terreno_01/Content/Developers/pguardia/Collections/' was aborted.
[2018.02.20-17.46.36:020][781]LogDirectoryWatcher: A directory notification for 'C:/Users/pguardia/Documents/Unreal Projects/Terreno_01/Saved/Collections/' was aborted.
[2018.02.20-17.46.36:020][781]LogModuleManager: Shutting down and abandoning module StatsViewer (484)
[2018.02.20-17.46.36:020][781]LogModuleManager: Shutting down and abandoning module FoliageEdit (482)
[2018.02.20-17.46.36:020][781]LogModuleManager: Shutting down and abandoning module LandscapeEditor (480)
[2018.02.20-17.46.36:020][781]LogModuleManager: Shutting down and abandoning module SceneDepthPickerMode (478)
[2018.02.20-17.46.36:020][781]LogModuleManager: Shutting down and abandoning module ActorPickerMode (476)
[2018.02.20-17.46.36:020][781]LogModuleManager: Shutting down and abandoning module GeometryMode (474)
[2018.02.20-17.46.36:020][781]LogModuleManager: Shutting down and abandoning module TextureAlignMode (472)
[2018.02.20-17.46.36:020][781]LogModuleManager: Shutting down and abandoning module BspMode (470)
[2018.02.20-17.46.36:020][781]LogModuleManager: Shutting down and abandoning module HardwareSurvey (468)
[2018.02.20-17.46.36:020][781]LogModuleManager: Shutting down and abandoning module SequenceRecorderSections (466)
[2018.02.20-17.46.36:020][781]LogModuleManager: Shutting down and abandoning module AutomationWorker (464)
[2018.02.20-17.46.36:020][781]LogModuleManager: Shutting down and abandoning module MatineeToLevelSequence (462)
[2018.02.20-17.46.36:020][781]LogModuleManager: Shutting down and abandoning module LevelSequenceEditor (460)
[2018.02.20-17.46.36:020][781]LogModuleManager: Shutting down and abandoning module PlacementMode (459)
[2018.02.20-17.46.36:020][781]LogModuleManager: Shutting down and abandoning module WmfMediaFactory (456)
[2018.02.20-17.46.36:020][781]LogModuleManager: Shutting down and abandoning module WmfMediaEditor (454)
[2018.02.20-17.46.36:020][781]LogModuleManager: Shutting down and abandoning module MfMediaFactory (452)
[2018.02.20-17.46.36:022][781]LogModuleManager: Shutting down and abandoning module MfMediaEditor (450)
[2018.02.20-17.46.36:022][781]LogModuleManager: Shutting down and abandoning module AvfMediaFactory (448)
[2018.02.20-17.46.36:022][781]LogModuleManager: Shutting down and abandoning module AvfMediaEditor (446)
[2018.02.20-17.46.36:022][781]LogModuleManager: Shutting down and abandoning module AndroidMediaFactory (444)
[2018.02.20-17.46.36:022][781]LogModuleManager: Shutting down and abandoning module Media (443)
[2018.02.20-17.46.36:022][781]LogModuleManager: Shutting down and abandoning module AndroidMediaEditor (440)
[2018.02.20-17.46.36:022][781]LogModuleManager: Shutting down and abandoning module CharacterAI (438)
[2018.02.20-17.46.36:022][781]LogModuleManager: Shutting down and abandoning module AudioCapture (436)
[2018.02.20-17.46.36:022][781]LogModuleManager: Shutting down and abandoning module SequenceRecorder (435)
[2018.02.20-17.46.36:022][781]LogModuleManager: Shutting down and abandoning module SmartSnapping (432)
[2018.02.20-17.46.36:022][781]LogModuleManager: Shutting down and abandoning module SessionServices (430)
[2018.02.20-17.46.36:022][781]LogModuleManager: Shutting down and abandoning module ViewportSnapping (428)
[2018.02.20-17.46.36:022][781]LogModuleManager: Shutting down and abandoning module ViewportInteraction (426)
[2018.02.20-17.46.36:022][781]LogModuleManager: Shutting down and abandoning module LogVisualizer (424)
[2018.02.20-17.46.36:022][781]LogModuleManager: Shutting down and abandoning module IntroTutorials (422)
[2018.02.20-17.46.36:022][781]LogModuleManager: Shutting down and abandoning module GameProjectGeneration (421)
[2018.02.20-17.46.36:022][781]LogModuleManager: Shutting down and abandoning module EditorLiveStreaming (418)
[2018.02.20-17.46.36:022][781]LogModuleManager: Shutting down and abandoning module IOSPlatformEditor (416)
[2018.02.20-17.46.36:022][781]LogModuleManager: Shutting down and abandoning module HTML5PlatformEditor (414)
[2018.02.20-17.46.36:022][781]LogModuleManager: Shutting down and abandoning module AndroidPlatformEditor (412)
[2018.02.20-17.46.36:022][781]LogModuleManager: Shutting down and abandoning module AndroidDeviceDetection (411)
[2018.02.20-17.46.36:307][781]LogModuleManager: Shutting down and abandoning module IOSRuntimeSettings (408)
[2018.02.20-17.46.36:307][781]LogModuleManager: Shutting down and abandoning module AndroidRuntimeSettings (406)
[2018.02.20-17.46.36:307][781]LogModuleManager: Shutting down and abandoning module InputBindingEditor (404)
[2018.02.20-17.46.36:307][781]LogModuleManager: Shutting down and abandoning module NiagaraEditor (402)
[2018.02.20-17.46.36:307][781]LogModuleManager: Shutting down and abandoning module MergeActors (400)
[2018.02.20-17.46.36:307][781]LogModuleManager: Shutting down and abandoning module SizeMap (398)
[2018.02.20-17.46.36:307][781]LogModuleManager: Shutting down and abandoning module TreeMap (396)
[2018.02.20-17.46.36:307][781]LogModuleManager: Shutting down and abandoning module ReferenceViewer (394)
[2018.02.20-17.46.36:307][781]LogModuleManager: Shutting down and abandoning module LocalizationDashboard (392)
[2018.02.20-17.46.36:307][781]LogModuleManager: Shutting down and abandoning module LocalizationService (391)
[2018.02.20-17.46.36:307][781]LogModuleManager: Shutting down and abandoning module HardwareTargeting (388)
[2018.02.20-17.46.36:307][781]LogModuleManager: Shutting down and abandoning module DeviceProfileEditor (386)
[2018.02.20-17.46.36:307][781]LogModuleManager: Shutting down and abandoning module UndoHistory (384)
[2018.02.20-17.46.36:307][781]LogModuleManager: Shutting down and abandoning module UserFeedback (382)
[2018.02.20-17.46.36:307][781]LogModuleManager: Shutting down and abandoning module XmlParser (380)
[2018.02.20-17.46.36:307][781]LogModuleManager: Shutting down and abandoning module Blutility (378)
[2018.02.20-17.46.36:307][781]LogModuleManager: Shutting down and abandoning module ProjectSettingsViewer (376)
[2018.02.20-17.46.36:307][781]LogModuleManager: Shutting down and abandoning module ProjectTargetPlatformEditor (375)
[2018.02.20-17.46.36:308][781]LogModuleManager: Shutting down and abandoning module EditorSettingsViewer (372)
[2018.02.20-17.46.36:308][781]LogModuleManager: Shutting down and abandoning module SettingsEditor (370)
[2018.02.20-17.46.36:308][781]LogModuleManager: Shutting down and abandoning module ProjectLauncher (368)
[2018.02.20-17.46.36:308][781]LogModuleManager: Shutting down and abandoning module SessionFrontend (366)
[2018.02.20-17.46.36:308][781]LogModuleManager: Shutting down and abandoning module ProfilerClient (364)
[2018.02.20-17.46.36:308][781]LogModuleManager: Shutting down and abandoning module DeviceManager (362)
[2018.02.20-17.46.36:308][781]LogModuleManager: Shutting down and abandoning module TargetDeviceServices (361)
[2018.02.20-17.46.36:366][781]LogModuleManager: Shutting down and abandoning module AutomationController (358)
[2018.02.20-17.46.36:366][781]LogModuleManager: Shutting down and abandoning module AutomationWindow (356)
[2018.02.20-17.46.36:366][781]LogModuleManager: Shutting down and abandoning module Layers (354)
[2018.02.20-17.46.36:366][781]LogModuleManager: Shutting down and abandoning module ComponentVisualizers (352)
[2018.02.20-17.46.36:366][781]LogModuleManager: Shutting down and abandoning module DetailCustomizations (350)
[2018.02.20-17.46.36:366][781]LogModuleManager: Shutting down and abandoning module PackagesDialog (348)
[2018.02.20-17.46.36:366][781]LogModuleManager: Shutting down and abandoning module Persona (346)
[2018.02.20-17.46.36:366][781]LogModuleManager: Shutting down and abandoning module AnimGraph (345)
[2018.02.20-17.46.36:366][781]LogModuleManager: Shutting down and abandoning module Kismet (342)
[2018.02.20-17.46.36:367][781]LogModuleManager: Shutting down and abandoning module GraphEditor (340)
[2018.02.20-17.46.36:367][781]LogModuleManager: Shutting down and abandoning module ClassViewer (338)
[2018.02.20-17.46.36:367][781]LogModuleManager: Shutting down and abandoning module Toolbox (336)
[2018.02.20-17.46.36:367][781]LogModuleManager: Shutting down and abandoning module ModuleUI (334)
[2018.02.20-17.46.36:367][781]LogModuleManager: Shutting down and abandoning module MovieSceneTools (332)
[2018.02.20-17.46.36:367][781]LogModuleManager: Shutting down and abandoning module OutputLog (330)
[2018.02.20-17.46.36:367][781]LogModuleManager: Shutting down and abandoning module GammaUI (328)
[2018.02.20-17.46.36:367][781]LogModuleManager: Shutting down and abandoning module Documentation (326)
[2018.02.20-17.46.36:367][781]LogModuleManager: Shutting down and abandoning module Niagara (324)
[2018.02.20-17.46.36:367][781]LogModuleManager: Shutting down and abandoning module StreamingPauseRendering (322)
[2018.02.20-17.46.36:367][781]LogModuleManager: Shutting down and abandoning module AnalyticsET (320)
[2018.02.20-17.46.36:367][781]LogModuleManager: Shutting down and abandoning module PortalServices (318)
[2018.02.20-17.46.36:367][781]LogModuleManager: Shutting down and abandoning module PortalRpc (316)
[2018.02.20-17.46.36:367][781]LogModuleManager: Shutting down and abandoning module MessagingRpc (314)
[2018.02.20-17.46.36:367][781]LogModuleManager: Shutting down and abandoning module AIModule (312)
[2018.02.20-17.46.36:367][781]LogModuleManager: Shutting down and abandoning module GameplayDebugger (311)
[2018.02.20-17.46.36:368][781]LogModuleManager: Shutting down and abandoning module AITestSuite (309)
[2018.02.20-17.46.36:368][781]LogModuleManager: Shutting down and abandoning module ProfilerService (306)
[2018.02.20-17.46.36:371][781]LogModuleManager: Shutting down and abandoning module TaskGraph (304)
[2018.02.20-17.46.36:372][781]LogModuleManager: Shutting down and abandoning module SteamVRController (302)
[2018.02.20-17.46.36:372][781]LogModuleManager: Shutting down and abandoning module SteamVR (300)
[2018.02.20-17.46.36:372][781]LogModuleManager: Shutting down and abandoning module ProceduralMeshComponentEditor (298)
[2018.02.20-17.46.36:372][781]LogModuleManager: Shutting down and abandoning module ProceduralMeshComponent (296)
[2018.02.20-17.46.36:372][781]LogModuleManager: Shutting down and abandoning module OculusLibrary (294)
[2018.02.20-17.46.36:372][781]LogModuleManager: Shutting down and abandoning module OculusInput (292)
[2018.02.20-17.46.36:372][781]LogModuleManager: Shutting down and abandoning module MobilePatchingUtils (290)
[2018.02.20-17.46.36:372][781]LogModuleManager: Shutting down and abandoning module CustomMeshComponent (288)
[2018.02.20-17.46.36:372][781]LogModuleManager: Shutting down and abandoning module CableComponent (286)
[2018.02.20-17.46.36:372][781]LogModuleManager: Shutting down and abandoning module ArchVisCharacter (284)
[2018.02.20-17.46.36:372][781]LogModuleManager: Shutting down and abandoning module MediaPlayerEditor (280)
[2018.02.20-17.46.36:372][781]LogModuleManager: Shutting down and abandoning module HTML5Networking (278)
[2018.02.20-17.46.36:372][781]LogModuleManager: Shutting down and abandoning module AlembicImporter (276)
[2018.02.20-17.46.36:372][781]LogModuleManager: Shutting down and abandoning module AlembicLibrary (275)
[2018.02.20-17.46.36:372][781]LogModuleManager: Shutting down and abandoning module GeometryCache (274)
[2018.02.20-17.46.36:372][781]LogModuleManager: Shutting down and abandoning module GeometryCacheEd (273)
[2018.02.20-17.46.36:372][781]LogModuleManager: Shutting down and abandoning module SuperSearchEditor (268)
[2018.02.20-17.46.36:372][781]LogModuleManager: Shutting down and abandoning module SuperSearch (267)
[2018.02.20-17.46.36:372][781]LogModuleManager: Shutting down and abandoning module SpeedTreeImporter (264)
[2018.02.20-17.46.36:372][781]LogModuleManager: Shutting down and abandoning module PluginBrowser (262)
[2018.02.20-17.46.36:372][781]LogModuleManager: Shutting down and abandoning module MobileLauncherProfileWizard (260)
[2018.02.20-17.46.36:372][781]LogModuleManager: Shutting down and abandoning module EpicSurvey (258)
[2018.02.20-17.46.36:372][781]LogModuleManager: Shutting down and abandoning module VisualStudioSourceCodeAccess (256)
[2018.02.20-17.46.36:372][781]LogModuleManager: Shutting down and abandoning module DesktopPlatform (255)
[2018.02.20-17.46.36:372][781]LogModuleManager: Shutting down and abandoning module UObjectPlugin (252)
[2018.02.20-17.46.36:372][781]LogModuleManager: Shutting down and abandoning module SubversionSourceControl (250)
[2018.02.20-17.46.36:372][781]LogModuleManager: Shutting down and abandoning module PerforceSourceControl (248)
[2018.02.20-17.46.36:372][781]LogModuleManager: Shutting down and abandoning module GitSourceControl (246)
[2018.02.20-17.46.36:372][781]LogModuleManager: Shutting down and abandoning module SourceControl (245)
[2018.02.20-17.46.36:372][781]LogModuleManager: Shutting down and abandoning module LightPropagationVolumeEditor (242)
[2018.02.20-17.46.36:372][781]LogModuleManager: Shutting down and abandoning module PaperTiledImporter (240)
[2018.02.20-17.46.36:372][781]LogModuleManager: Shutting down and abandoning module PaperSpriteSheetImporter (238)
[2018.02.20-17.46.36:372][781]LogModuleManager: Shutting down and abandoning module Paper2DEditor (236)
[2018.02.20-17.46.36:372][781]LogModuleManager: Shutting down and abandoning module MeshPaint (235)
[2018.02.20-17.46.36:372][781]LogModuleManager: Shutting down and abandoning module LevelEditor (233)
[2018.02.20-17.46.36:375][781]LogModuleManager: Shutting down and abandoning module PixelInspectorModule (232)
[2018.02.20-17.46.36:375][781]LogModuleManager: Shutting down and abandoning module MainFrame (230)
[2018.02.20-17.46.36:375][781]LogModuleManager: Shutting down and abandoning module HotReload (229)
[2018.02.20-17.46.36:377][781]LogModuleManager: Shutting down and abandoning module ContentBrowser (225)
[2018.02.20-17.46.36:381][781]LogModuleManager: Shutting down and abandoning module PhysXVehiclesEditor (222)
[2018.02.20-17.46.36:381][781]LogModuleManager: Shutting down and abandoning module PhysXVehicles (220)
[2018.02.20-17.46.36:381][781]LogModuleManager: Shutting down and abandoning module LocationServicesBPLibrary (218)
[2018.02.20-17.46.36:381][781]LogModuleManager: Shutting down and abandoning module UdpMessaging (216)
[2018.02.20-17.46.36:482][781]LogModuleManager: Shutting down and abandoning module TcpMessaging (214)
[2018.02.20-17.46.36:583][781]LogModuleManager: Shutting down and abandoning module GameplayTagsEditor (212)
[2018.02.20-17.46.36:583][781]LogModuleManager: Shutting down and abandoning module FacialAnimationEditor (210)
[2018.02.20-17.46.36:583][781]LogModuleManager: Shutting down and abandoning module FacialAnimation (208)
[2018.02.20-17.46.36:583][781]LogModuleManager: Shutting down and abandoning module LightPropagationVolumeRuntime (206)
[2018.02.20-17.46.36:583][781]LogModuleManager: Shutting down and abandoning module Paper2D (204)
[2018.02.20-17.46.36:583][781]LogModuleManager: Shutting down and abandoning module WindowsMoviePlayer (202)
[2018.02.20-17.46.36:583][781]LogModuleManager: Shutting down and abandoning module WmfMedia (200)
[2018.02.20-17.46.36:586][781]LogModuleManager: Shutting down and abandoning module MfMedia (198)
[2018.02.20-17.46.36:586][781]LogModuleManager: Shutting down and abandoning module MediaAssets (196)
[2018.02.20-17.46.36:586][781]LogModuleManager: Shutting down and abandoning module GameLiveStreaming (194)
[2018.02.20-17.46.36:586][781]LogModuleManager: Shutting down and abandoning module VREditor (192)
[2018.02.20-17.46.36:586][781]LogModuleManager: Shutting down and abandoning module GameplayTasksEditor (190)
[2018.02.20-17.46.36:586][781]LogModuleManager: Shutting down and abandoning module BehaviorTreeEditor (188)
[2018.02.20-17.46.36:586][781]LogModuleManager: Shutting down and abandoning module FunctionalTesting (186)
[2018.02.20-17.46.36:586][781]LogModuleManager: Shutting down and abandoning module CollisionAnalyzer (184)
[2018.02.20-17.46.36:586][781]LogModuleManager: Shutting down and abandoning module UMG (182)
[2018.02.20-17.46.36:586][781]LogModuleManager: Shutting down and abandoning module UMGEditor (181)
[2018.02.20-17.46.36:586][781]LogModuleManager: Shutting down and abandoning module Sequencer (180)
[2018.02.20-17.46.36:586][781]LogModuleManager: Shutting down and abandoning module AssetTools (178)
[2018.02.20-17.46.36:587][781]LogModuleManager: Shutting down and abandoning module MessageLog (177)
[2018.02.20-17.46.36:587][781]LogModuleManager: Shutting down and abandoning module WorkspaceMenuStructure (176)
[2018.02.20-17.46.36:587][781]LogModuleManager: Shutting down and abandoning module SlateReflector (170)
[2018.02.20-17.46.36:587][781]LogModuleManager: Shutting down and abandoning module Slate (168)
[2018.02.20-17.46.36:587][781]LogModuleManager: Shutting down and abandoning module EditorStyle (166)
[2018.02.20-17.46.36:592][781]LogModuleManager: Shutting down and abandoning module SourceCodeAccess (164)
[2018.02.20-17.46.36:594][781]LogModuleManager: Shutting down and abandoning module HeadMountedDisplay (162)
[2018.02.20-17.46.36:594][781]LogModuleManager: Shutting down and abandoning module XAudio2 (160)
[2018.02.20-17.46.36:594][781]LogModuleManager: Shutting down and abandoning module Networking (158)
[2018.02.20-17.46.36:594][781]LogModuleManager: Shutting down and abandoning module Core (154)
[2018.02.20-17.46.36:594][781]LogModuleManager: Shutting down and abandoning module AssetRegistry (152)
[2018.02.20-17.46.36:748][781]LogDirectoryWatcher: A directory notification for '../../../Engine/Content/' was aborted.
[2018.02.20-17.46.36:748][781]LogDirectoryWatcher: A directory notification for '../../../../../Users/pguardia/Documents/Unreal Projects/Terreno_01/Content/' was aborted.
[2018.02.20-17.46.36:748][781]LogDirectoryWatcher: A directory notification for '../../../Engine/Plugins/2D/Paper2D/Content/' was aborted.
[2018.02.20-17.46.36:749][781]LogModuleManager: Shutting down and abandoning module DirectoryWatcher (151)
[2018.02.20-17.46.36:755][781]LogModuleManager: Shutting down and abandoning module KismetCompiler (148)
[2018.02.20-17.46.36:755][781]LogModuleManager: Shutting down and abandoning module PhysXFormats (146)
[2018.02.20-17.46.36:755][781]LogModuleManager: Shutting down and abandoning module MeshUtilities (144)
[2018.02.20-17.46.36:755][781]LogModuleManager: Shutting down and abandoning module SimplygonSwarm (143)
[2018.02.20-17.46.36:755][781]LogModuleManager: Shutting down and abandoning module SimplygonMeshReduction (141)
[2018.02.20-17.46.36:755][781]LogModuleManager: Shutting down and abandoning module QuadricMeshReduction (139)
[2018.02.20-17.46.36:755][781]LogModuleManager: Shutting down and abandoning module PropertyEditor (137)
[2018.02.20-17.46.36:756][781]LogModuleManager: Shutting down and abandoning module DerivedDataCache (134)
[2018.02.20-17.46.36:768][781]LogDerivedDataCache: Shutdown
[2018.02.20-17.46.36:768][781]LogModuleManager: Shutting down and abandoning module TargetPlatform (132)
[2018.02.20-17.46.36:769][781]LogModuleManager: Shutting down and abandoning module VulkanShaderFormat (131)
[2018.02.20-17.46.36:769][781]LogModuleManager: Shutting down and abandoning module ShaderFormatOpenGL (129)
[2018.02.20-17.46.36:769][781]LogModuleManager: Shutting down and abandoning module ShaderFormatD3D (127)
[2018.02.20-17.46.36:769][781]LogModuleManager: Shutting down and abandoning module MetalShaderFormat (125)
[2018.02.20-17.46.36:769][781]LogModuleManager: Shutting down and abandoning module TextureFormatUncompressed (123)
[2018.02.20-17.46.36:769][781]LogModuleManager: Shutting down and abandoning module TextureFormatPVR (121)
[2018.02.20-17.46.36:769][781]LogModuleManager: Shutting down and abandoning module TextureFormatDXT (119)
[2018.02.20-17.46.36:769][781]LogModuleManager: Shutting down and abandoning module TextureFormatIntelISPCTexComp (117)
[2018.02.20-17.46.36:769][781]LogModuleManager: Shutting down and abandoning module TextureFormatASTC (115)
[2018.02.20-17.46.36:769][781]LogModuleManager: Shutting down and abandoning module ImageWrapper (114)
[2018.02.20-17.46.36:769][781]LogModuleManager: Shutting down and abandoning module TextureFormatAndroid (111)
[2018.02.20-17.46.36:769][781]LogModuleManager: Shutting down and abandoning module AudioFormatOpus (109)
[2018.02.20-17.46.36:769][781]LogModuleManager: Shutting down and abandoning module AudioFormatOgg (107)
[2018.02.20-17.46.36:769][781]LogModuleManager: Shutting down and abandoning module AudioFormatADPCM (105)
[2018.02.20-17.46.36:769][781]LogModuleManager: Shutting down and abandoning module LinuxTargetPlatform (103)
[2018.02.20-17.46.36:770][781]LogModuleManager: Shutting down and abandoning module LinuxServerTargetPlatform (101)
[2018.02.20-17.46.36:770][781]LogModuleManager: Shutting down and abandoning module LinuxNoEditorTargetPlatform (99)
[2018.02.20-17.46.36:770][781]LogModuleManager: Shutting down and abandoning module LinuxClientTargetPlatform (97)
[2018.02.20-17.46.36:770][781]LogModuleManager: Shutting down and abandoning module TVOSTargetPlatform (95)
[2018.02.20-17.46.36:770][781]LogModuleManager: Shutting down and abandoning module Messaging (93)
[2018.02.20-17.46.36:770][781]LogModuleManager: Shutting down and abandoning module IOSTargetPlatform (91)
[2018.02.20-17.46.36:770][781]LogModuleManager: Shutting down and abandoning module HTML5TargetPlatform (89)
[2018.02.20-17.46.36:770][781]LogModuleManager: Shutting down and abandoning module Android_PVRTCTargetPlatform (87)
[2018.02.20-17.46.36:770][781]LogModuleManager: Shutting down and abandoning module Android_MultiTargetPlatform (85)
[2018.02.20-17.46.36:770][781]LogModuleManager: Shutting down and abandoning module Android_ETC2TargetPlatform (83)
[2018.02.20-17.46.36:770][781]LogModuleManager: Shutting down and abandoning module Android_ETC1TargetPlatform (81)
[2018.02.20-17.46.36:770][781]LogModuleManager: Shutting down and abandoning module Android_DXTTargetPlatform (79)
[2018.02.20-17.46.36:770][781]LogModuleManager: Shutting down and abandoning module Android_ATCTargetPlatform (77)
[2018.02.20-17.46.36:770][781]LogModuleManager: Shutting down and abandoning module Android_ASTCTargetPlatform (75)
[2018.02.20-17.46.36:770][781]LogModuleManager: Shutting down and abandoning module AndroidTargetPlatform (73)
[2018.02.20-17.46.36:770][781]LogModuleManager: Shutting down and abandoning module WindowsTargetPlatform (71)
[2018.02.20-17.46.36:770][781]LogModuleManager: Shutting down and abandoning module WindowsServerTargetPlatform (69)
[2018.02.20-17.46.36:770][781]LogModuleManager: Shutting down and abandoning module WindowsNoEditorTargetPlatform (67)
[2018.02.20-17.46.36:770][781]LogModuleManager: Shutting down and abandoning module WindowsClientTargetPlatform (65)
[2018.02.20-17.46.36:770][781]LogModuleManager: Shutting down and abandoning module MacTargetPlatform (63)
[2018.02.20-17.46.36:770][781]LogModuleManager: Shutting down and abandoning module MacServerTargetPlatform (61)
[2018.02.20-17.46.36:770][781]LogModuleManager: Shutting down and abandoning module MacNoEditorTargetPlatform (59)
[2018.02.20-17.46.36:770][781]LogModuleManager: Shutting down and abandoning module MacClientTargetPlatform (57)
[2018.02.20-17.46.36:770][781]LogModuleManager: Shutting down and abandoning module AllDesktopTargetPlatform (55)
[2018.02.20-17.46.36:770][781]LogModuleManager: Shutting down and abandoning module InputCore (52)
[2018.02.20-17.46.36:770][781]LogModuleManager: Shutting down and abandoning module Settings (50)
[2018.02.20-17.46.36:770][781]LogModuleManager: Shutting down and abandoning module OculusRift (48)
[2018.02.20-17.46.36:771][781]LogModuleManager: Shutting down and abandoning module GearVR (46)
[2018.02.20-17.46.36:771][781]LogModuleManager: Shutting down and abandoning module ExampleDeviceProfileSelector (44)
[2018.02.20-17.46.36:771][781]LogModuleManager: Shutting down and abandoning module OnlineBlueprintSupport (42)
[2018.02.20-17.46.36:771][781]LogModuleManager: Shutting down and abandoning module OnlineSubsystem (38)
[2018.02.20-17.46.36:771][781]LogOnline:Display: Unloading online subsystem: NULL
[2018.02.20-17.46.36:771][781]LogModuleManager: Shutting down and abandoning module XMPP (37)
[2018.02.20-17.46.36:771][781]LogModuleManager: Shutting down and abandoning module HTTP (35)
[2018.02.20-17.46.36:771][781]LogHttp:Display: Http module shutting down, but needs to wait on 1 outstanding Http requests:
[2018.02.20-17.46.36:771][781]LogHttp:Display: 	verb=[POST] url=[https://datarouter.ol.epicgames.com/datarouter/api/v1/public/data?SessionID=%7B8C0B4F9A-4B07-48C4-CCDA-60A481BCA1DF%7D&AppID=UEEditor.Rocket.Release&AppVersion=4.15.3-3450819%2B%2B%2BUE4%2BRelease-4.15&UserID=c18baeec461bcf04c3377e826b4a7433%7C5df1c7db52f0431390bdfe50df490fc4%7C97f59e4d-cdb2-4807-a3c7-6f16899c5874&AppEnvironment=datacollector-binary&UploadType=eteventstream] status=Processing
[2018.02.20-17.46.36:774][781]LogModuleManager: Shutting down and abandoning module SSL (34)
[2018.02.20-17.46.36:776][781]LogModuleManager: Shutting down and abandoning module AudioEditor (30)
[2018.02.20-17.46.36:776][781]LogModuleManager: Shutting down and abandoning module TextureCompressor (28)
[2018.02.20-17.46.36:776][781]LogModuleManager: Shutting down and abandoning module ShaderCore (26)
[2018.02.20-17.46.36:776][781]LogModuleManager: Shutting down and abandoning module Landscape (24)
[2018.02.20-17.46.36:776][781]LogModuleManager: Shutting down and abandoning module SlateRHIRenderer (22)
[2018.02.20-17.46.36:783][781]LogModuleManager: Shutting down and abandoning module OpenGLDrv (20)
[2018.02.20-17.46.36:783][781]LogModuleManager: Shutting down and abandoning module D3D11RHI (18)
[2018.02.20-17.46.36:783][781]LogModuleManager: Shutting down and abandoning module AnimGraphRuntime (16)
[2018.02.20-17.46.36:783][781]LogModuleManager: Shutting down and abandoning module Renderer (14)
[2018.02.20-17.46.36:783][781]LogModuleManager: Shutting down and abandoning module Engine (12)
[2018.02.20-17.46.36:783][781]LogModuleManager: Shutting down and abandoning module CoreUObject (10)
[2018.02.20-17.46.36:783][781]LogModuleManager: Shutting down and abandoning module NetworkFile (8)
[2018.02.20-17.46.36:783][781]LogModuleManager: Shutting down and abandoning module StreamingFile (6)
[2018.02.20-17.46.36:783][781]LogModuleManager: Shutting down and abandoning module SandboxFile (4)
[2018.02.20-17.46.36:783][781]LogModuleManager: Shutting down and abandoning module PakFile (2)
[2018.02.20-17.46.36:787][781]LogExit: Exiting.
[2018.02.20-17.46.36:798][781]Log file closed, 02/20/18 18:46:36
