Log file open, 02/16/18 21:15:53
LogInit:Display: Running engine for game: Terreno_01
LogPlatformFile: Not using cached read wrapper
LogInit:Display: RandInit(112611940) SRandInit(112611940).
LogTaskGraph: Started task graph with 5 named threads and 6 total threads with 1 sets of task threads.
LogStats: Stats thread started at 0.221920
LogInit: Using libcurl 7.47.1
LogInit:  - built for x86_64-pc-win32
LogInit:  - supports SSL with OpenSSL/1.0.2g
LogInit:  - supports HTTP deflate (compression) using libz 1.2.8
LogInit:  - other features:
LogInit:      CURL_VERSION_SSL
LogInit:      CURL_VERSION_LIBZ
LogInit:      CURL_VERSION_IPV6
LogInit:      CURL_VERSION_ASYNCHDNS
LogInit:      CURL_VERSION_LARGEFILE
LogInit:      CURL_VERSION_IDN
LogInit:  CurlRequestOptions (configurable via config and command line):
LogInit:  - bVerifyPeer = false  - Libcurl will NOT verify peer certificate
LogInit:  - bUseHttpProxy = false  - Libcurl will NOT use HTTP proxy
LogInit:  - bDontReuseConnections = false  - Libcurl will reuse connections
LogInit:  - CertBundlePath = nullptr  - Libcurl will use whatever was configured at build time.
LogInit: Build: ++UE4+Release-4.15-CL-3450819
LogInit: Engine Version: 4.15.3-3450819+++UE4+Release-4.15
LogInit: Compatible Engine Version: 4.15.0-3299760+++UE4+Release-4.15
LogInit: Net CL: 3299760
LogDevObjectVersion: Number of dev versions registered: 14
LogDevObjectVersion:   Dev-Blueprints (B0D832E4-1F89-4F0D-ACCF-7EB736FD4AA2): 8
LogDevObjectVersion:   Dev-Build (E1C64328-A22C-4D53-A36C-8E866417BD8C): 0
LogDevObjectVersion:   Dev-Core (375EC13C-06E4-48FB-B500-84F0262A717E): 2
LogDevObjectVersion:   Dev-Editor (E4B068ED-F494-42E9-A231-DA0B2E46BB41): 14
LogDevObjectVersion:   Dev-Framework (CFFC743F-43B0-4480-9391-14DF171D2073): 22
LogDevObjectVersion:   Dev-Mobile (B02B49B5-BB20-44E9-A304-32B752E40360): 0
LogDevObjectVersion:   Dev-Networking (A4E4105C-59A1-49B5-A7C5-40C4547EDFEE): 0
LogDevObjectVersion:   Dev-Online (39C831C9-5AE6-47DC-9A44-9C173E1C8E7C): 0
LogDevObjectVersion:   Dev-Physics (78F01B33-EBEA-4F98-B9B4-84EACCB95AA2): 0
LogDevObjectVersion:   Dev-Platform (6631380F-2D4D-43E0-8009-CF276956A95A): 0
LogDevObjectVersion:   Dev-Rendering (12F88B9F-8875-4AFC-A67C-D90C383ABD29): 12
LogDevObjectVersion:   Dev-Sequencer (7B5AE74C-D270-4C10-A958-57980B212A5A): 3
LogDevObjectVersion:   Dev-VR (D7296918-1DD6-4BDD-9DE2-64A83CC13884): 0
LogDevObjectVersion:   Dev-LoadTimes (C2A15278-BFE7-4AFE-6C17-90FF531DF755): 1
LogInit: Compiled (64-bit): May 21 2017 11:02:34
LogInit: Compiled with Visual C++: 19.00.23026.00
LogInit: Build Configuration: Development
LogInit: Branch Name: ++UE4+Release-4.15
LogInit: Command line:  
LogInit: Base directory: C:/EPICS/UE_4.15/Engine/Binaries/Win64/
LogInit: Installed Engine Build: 1
LogInit: Presizing for max 8388607 objects, including 0 objects not considered by GC, pre-allocating 0 bytes for permanent pool.
LogInit: Object subsystem initialized
[2018.02.16-20.15.56:679][  0]LogInit: Selected Device Profile: [Windows]
[2018.02.16-20.15.56:679][  0]LogInit: Applying CVar settings loaded from the selected device profile: [Windows]
[2018.02.16-20.15.56:750][  0]LogInit: Computer: NB-025-06
[2018.02.16-20.15.56:751][  0]LogInit: User: pguardia
[2018.02.16-20.15.56:751][  0]LogInit: CPU Page size=65536, Cores=2
[2018.02.16-20.15.56:751][  0]LogInit: High frequency timer resolution =2.437502 MHz
[2018.02.16-20.15.56:751][  0]LogMemory: Memory total: Physical=7.9GB (8GB approx)
[2018.02.16-20.15.56:751][  0]LogMemory: Platform Memory Stats for Windows
[2018.02.16-20.15.56:751][  0]LogMemory: Process Physical Memory: 262.64 MB used, 262.64 MB peak
[2018.02.16-20.15.56:751][  0]LogMemory: Process Virtual Memory: 261.86 MB used, 261.86 MB peak
[2018.02.16-20.15.56:751][  0]LogMemory: Physical Memory: 7318.65 MB used,  798.46 MB free, 8117.11 MB total
[2018.02.16-20.15.56:751][  0]LogMemory: Virtual Memory: 676.42 MB used,  798.46 MB free, 134217728.00 MB total
[2018.02.16-20.15.57:089][  0]LogTextLocalizationManager: No specific translations for ('es-ES') exist, so ('es') translations will be used.
[2018.02.16-20.15.58:558][  0]LogD3D11RHI: D3D11 adapters:
[2018.02.16-20.15.58:740][  0]LogD3D11RHI:    0. 'Intel(R) HD Graphics 520' (Feature Level 11_0)
[2018.02.16-20.15.58:740][  0]LogD3D11RHI:       128/0/4058 MB DedicatedVideo/DedicatedSystem/SharedSystem, Outputs:1, VendorId:0x8086
[2018.02.16-20.15.58:744][  0]LogD3D11RHI:    1. 'Microsoft Basic Render Driver' (Feature Level 11_0)
[2018.02.16-20.15.58:744][  0]LogD3D11RHI:       0/0/4058 MB DedicatedVideo/DedicatedSystem/SharedSystem, Outputs:0, VendorId:0x1414
[2018.02.16-20.15.58:744][  0]LogD3D11RHI: Chosen D3D11 Adapter: 0
[2018.02.16-20.15.58:788][  0]LogD3D11RHI: Creating new Direct3DDevice
[2018.02.16-20.15.58:788][  0]LogD3D11RHI:     GPU DeviceId: 0x1916 (for the marketing name, search the web for "GPU Device Id")
[2018.02.16-20.15.58:788][  0]LogWindows: EnumDisplayDevices:
[2018.02.16-20.15.58:788][  0]LogWindows:    0. 'Intel(R) HD Graphics 520' (P:1 D:1)
[2018.02.16-20.15.58:788][  0]LogWindows:    1. 'Intel(R) HD Graphics 520' (P:0 D:0)
[2018.02.16-20.15.58:789][  0]LogWindows:    2. 'Intel(R) HD Graphics 520' (P:0 D:0)
[2018.02.16-20.15.58:789][  0]LogWindows: DebugString: GetVideoDriverDetailsInvalid PrimaryIsNotTheChoosenAdapter GetVideoDriverDetailsInvalid PrimaryIsNotTheChoosenAdapter GetVideoDriverDetailsInvalid PrimaryIsNotTheChoosenAdapter FoundDriverCount:0 
[2018.02.16-20.15.58:789][  0]LogD3D11RHI:     Adapter Name: Intel(R) HD Graphics 520
[2018.02.16-20.15.58:789][  0]LogD3D11RHI:   Driver Version: Unknown (internal:Unknown, unified:Unknown)
[2018.02.16-20.15.58:789][  0]LogD3D11RHI:      Driver Date: Unknown
[2018.02.16-20.15.58:789][  0]LogRHI: Texture pool is 1361 MB (70% of 1945 MB)
[2018.02.16-20.15.58:889][  0]LogD3D11RHI: Async texture creation enabled
[2018.02.16-20.15.58:933][  0]LogD3D11RHI: GPU Timing Frequency: 12.000000 (Debug: 2 0)
[2018.02.16-20.15.58:953][  0]LogShaderCompilers: Guid format shader working directory is -18 characters bigger than the processId version (../../../../../Users/pguardia/Documents/Unreal Projects/Terreno_01/Intermediate/Shaders/WorkingDirectory/13968/).
[2018.02.16-20.15.58:953][  0]LogShaderCompilers: Cleaned the shader compiler working directory 'C:/Users/pguardia/AppData/Local/Temp/UnrealShaderWorkingDir/D00CFAA145A79583A78CBA8F8DAAD1C3/'.
[2018.02.16-20.15.58:953][  0]LogShaderCompilers:Display: Using Local Shader Compiler.
[2018.02.16-20.16.03:938][  0]LogTemp:Display: Loaded TP AllDesktopTargetPlatform
[2018.02.16-20.16.04:166][  0]LogTemp:Display: Loaded TP MacClientTargetPlatform
[2018.02.16-20.16.04:400][  0]LogTemp:Display: Loaded TP MacNoEditorTargetPlatform
[2018.02.16-20.16.04:623][  0]LogTemp:Display: Loaded TP MacServerTargetPlatform
[2018.02.16-20.16.04:855][  0]LogTemp:Display: Loaded TP MacTargetPlatform
[2018.02.16-20.16.05:095][  0]LogTemp:Display: Loaded TP WindowsClientTargetPlatform
[2018.02.16-20.16.05:338][  0]LogTemp:Display: Loaded TP WindowsNoEditorTargetPlatform
[2018.02.16-20.16.05:561][  0]LogTemp:Display: Loaded TP WindowsServerTargetPlatform
[2018.02.16-20.16.05:749][  0]LogTemp:Display: Loaded TP WindowsTargetPlatform
[2018.02.16-20.16.05:970][  0]LogTemp:Display: Loaded TP AndroidTargetPlatform
[2018.02.16-20.16.06:186][  0]LogTemp:Display: Loaded TP Android_ASTCTargetPlatform
[2018.02.16-20.16.06:426][  0]LogTemp:Display: Loaded TP Android_ATCTargetPlatform
[2018.02.16-20.16.06:654][  0]LogTemp:Display: Loaded TP Android_DXTTargetPlatform
[2018.02.16-20.16.06:873][  0]LogTemp:Display: Loaded TP Android_ETC1TargetPlatform
[2018.02.16-20.16.07:079][  0]LogTemp:Display: Loaded TP Android_ETC2TargetPlatform
[2018.02.16-20.16.07:589][  0]LogTemp:Display: Loaded TP Android_MultiTargetPlatform
[2018.02.16-20.16.07:589][  0]LogTemp:Display: Loaded TP Android_PVRTCTargetPlatform
[2018.02.16-20.16.07:743][  0]LogTemp:Display: Loaded TP HTML5TargetPlatform
[2018.02.16-20.16.08:130][  0]LogTemp:Display: Loaded TP IOSTargetPlatform
[2018.02.16-20.16.08:282][  0]LogTemp:Display: Loaded TP TVOSTargetPlatform
[2018.02.16-20.16.08:519][  0]LogTemp:Display: Loaded TP LinuxClientTargetPlatform
[2018.02.16-20.16.08:764][  0]LogTemp:Display: Loaded TP LinuxNoEditorTargetPlatform
[2018.02.16-20.16.08:991][  0]LogTemp:Display: Loaded TP LinuxServerTargetPlatform
[2018.02.16-20.16.09:224][  0]LogTemp:Display: Loaded TP LinuxTargetPlatform
[2018.02.16-20.16.09:224][  0]LogTargetPlatformManager:Display: Building Assets For Windows
[2018.02.16-20.16.11:281][  0]LogDerivedDataCache:Display: Max Cache Size: 512 MB
[2018.02.16-20.16.11:409][  0]LogDerivedDataCache: Loaded boot cache 0.13s 50MB C:/Users/pguardia/AppData/Local/UnrealEngine/4.15/DerivedDataCache/Boot.ddc.
[2018.02.16-20.16.11:409][  0]LogDerivedDataCache:Display: Loaded Boot cache: C:/Users/pguardia/AppData/Local/UnrealEngine/4.15/DerivedDataCache/Boot.ddc
[2018.02.16-20.16.11:409][  0]LogDerivedDataCache: FDerivedDataBackendGraph:  Pak pak cache file ../../../../../Users/pguardia/Documents/Unreal Projects/Terreno_01/DerivedDataCache/DDC.ddp not found, will not use a pak cache.
[2018.02.16-20.16.11:409][  0]LogDerivedDataCache: Unable to find inner node Pak for hierarchical cache Hierarchy.
[2018.02.16-20.16.11:409][  0]LogDerivedDataCache: FDerivedDataBackendGraph:  CompressedPak pak cache file ../../../../../Users/pguardia/Documents/Unreal Projects/Terreno_01/DerivedDataCache/Compressed.ddp not found, will not use a pak cache.
[2018.02.16-20.16.11:409][  0]LogDerivedDataCache: Unable to find inner node CompressedPak for hierarchical cache Hierarchy.
[2018.02.16-20.16.11:469][  0]LogDerivedDataCache:Display: Pak cache opened for reading ../../../Engine/DerivedDataCache/Compressed.ddp.
[2018.02.16-20.16.11:511][  0]LogDerivedDataCache: Using Local data cache path C:/Users/pguardia/AppData/Local/UnrealEngine/Common/DerivedDataCache: Writable
[2018.02.16-20.16.11:538][  0]LogSlate: Using Freetype 2.6.0
[2018.02.16-20.16.11:539][  0]LogSlate: SlateFontCache - WITH_FREETYPE: 1, WITH_HARFBUZZ: 1
[2018.02.16-20.16.11:539][  0]LogSlate: SlateFontCache - WITH_FREETYPE: 1, WITH_HARFBUZZ: 1
[2018.02.16-20.16.12:654][  0]LogInit: Selected Device Profile: [Windows]
[2018.02.16-20.16.12:661][  0]LogContentStreaming: Texture pool size is 0.00 MB
[2018.02.16-20.16.13:797][  0]LogMeshUtilities: Using QuadricMeshReduction for automatic static mesh reduction
[2018.02.16-20.16.14:127][  0]LogSimplygon: Simplygon DLL not present - disabling.
[2018.02.16-20.16.14:429][  0]LogMeshUtilities: Using SimplygonSwarm for distributed automatic mesh merging
[2018.02.16-20.16.14:429][  0]LogMeshUtilities: No automatic skeletal mesh reduction module available
[2018.02.16-20.16.14:429][  0]LogMeshUtilities: No automatic mesh merging module available
[2018.02.16-20.16.16:956][  0]LogNetVersion: GetLocalNetworkVersion: CL: 3299760, ProjectName: terreno_01, ProjectVersion: , EngineNetworkVersion: 2, GameNetworkVersion: 0, NetworkChecksum: 1947591283
[2018.02.16-20.16.17:088][  0]LogAssetRegistry: FAssetRegistry took 0.0219 seconds to start up
[2018.02.16-20.16.17:240][  0]LogPackageLocalizationCache: Processed 3 localized package path(s) for 2 prioritized culture(s) in 0.098543 seconds
[2018.02.16-20.16.17:254][  0]LogUObjectArray: 32493 objects as part of root set at end of initial load.
[2018.02.16-20.16.17:254][  0]LogUObjectAllocator: 7077024 out of 0 bytes used by permanent object pool.
[2018.02.16-20.16.17:254][  0]LogUObjectArray: CloseDisregardForGC: 0/0 objects in disregard for GC pool
[2018.02.16-20.16.17:470][  0]LogInit: WinSock: version 1.1 (2.2), MaxSocks=32767, MaxUdp=65467
[2018.02.16-20.16.22:069][  0]LogTcpMessaging: Initializing TcpMessaging bridge
[2018.02.16-20.16.22:157][  0]LogUdpMessaging: Initializing bridge on interface 0.0.0.0:0 to multicast group 230.0.0.1:6666.
[2018.02.16-20.16.23:573][  0]LogMaterial: Uniform references updated for custom material expression Custom.
[2018.02.16-20.16.24:842][  0]SourceControl: Información El control de código fuente está desactivado
[2018.02.16-20.16.24:843][  0]SourceControl: Información El control de código fuente está desactivado
[2018.02.16-20.16.24:990][  0]SourceControl: Información El control de código fuente está desactivado
[2018.02.16-20.16.25:137][  0]SourceControl: Información El control de código fuente está desactivado
[2018.02.16-20.16.26:160][  0]LogLinker:Warning: No puede encontrar el archivo '/Game/FirstPersonBP/FirstPersonOverview'
[2018.02.16-20.16.26:161][  0]LogLinker:Warning: No puede encontrar el archivo '/Game/FirstPersonBP/FirstPersonOverview'
[2018.02.16-20.16.26:161][  0]LogUObjectGlobals:Warning: Error al encontrar el objeto 'Class /Game/FirstPersonBP/FirstPersonOverview.FirstPersonOverview_C'
[2018.02.16-20.16.29:133][  0]LogEngine: Initializing Engine...
[2018.02.16-20.16.29:135][  0]LogHMD: Failed to initialize OpenVR with code 110
[2018.02.16-20.16.29:468][  0]LogStats: UGameplayTagsManager::ConstructGameplayTagTree: Construct from data asset -  0.000 s
[2018.02.16-20.16.29:468][  0]LogStats: UGameplayTagsManager::ConstructGameplayTagTree: GameplayTagTreeChangedEvent.Broadcast -  0.000 s
[2018.02.16-20.16.29:862][  0]LogAIModule: Creating AISystem for world Untitled
[2018.02.16-20.16.29:912][  0]LogInit: XAudio2 using 'Altavoces (Realtek High Definition Audio(SST))' : 2 channels at 48 kHz using 32 bits per sample (channel mask 0x3)
[2018.02.16-20.16.30:729][  0]LogInit: FAudioDevice initialized.
[2018.02.16-20.16.30:770][  0]LogDerivedDataCache: Saved boot cache 0.04s 50MB C:/Users/pguardia/AppData/Local/UnrealEngine/4.15/DerivedDataCache/Boot.ddc.
[2018.02.16-20.16.30:785][  0]LogInit: Texture streaming: Enabled
[2018.02.16-20.16.31:074][  0]LogEngineSessionManager: EngineSessionManager initialized
[2018.02.16-20.16.31:372][  0]LogInit: Transaction tracking system initialized
[2018.02.16-20.16.32:564][  0]BlueprintLog: New page: Cargar el editor
[2018.02.16-20.16.35:559][  0]LocalizationService: Información Localization service is disabled
[2018.02.16-20.16.38:361][  0]LogConsoleResponse:Display: 
[2018.02.16-20.16.38:702][  0]LogCook:Display: Max memory allowance for cook 16384mb min free memory 0mb
[2018.02.16-20.16.38:702][  0]LogCook:Display: Mobile HDR setting 1
[2018.02.16-20.16.39:769][  0]LogFileCache: Scanning file cache for directory 'C:/Users/pguardia/Documents/Unreal Projects/Terreno_01/Content/' took 0.02s
[2018.02.16-20.16.42:300][  0]SourceControl: Información El control de código fuente está desactivado
[2018.02.16-20.16.42:300][  0]Cmd: MAP LOAD FILE="../../../Engine/Content/Maps/Templates/Template_Default.umap" TEMPLATE=1 SHOWPROGRESS=1 FEATURELEVEL=3
[2018.02.16-20.16.42:301][  0]LightingResults: New page: Diseñar la iluminación
[2018.02.16-20.16.42:435][  0]MapCheck: New page: Revisión del mapa
[2018.02.16-20.16.42:435][  0]LightingResults: New page: Diseñar la iluminación
[2018.02.16-20.16.43:199][  0]LogAIModule: Creating AISystem for world Untitled_1
[2018.02.16-20.18.14:529][  0]LogActorComponent: RegisterComponentWithWorld: (/Temp/Untitled_1.Untitled_1:PersistentLevel.WorldSettings_1.StaticMeshComponent0) Trying to register component with IsPendingKill() == true. Aborting.
[2018.02.16-20.18.14:555][  0]LogEditorServer: Finished looking for orphan Actors (0.000 secs)
[2018.02.16-20.18.14:718][  0]Cmd: MAP CHECKDEP NOCLEARLOG
[2018.02.16-20.18.14:925][  0]MapCheck: Información Map check complete: 0 Error(s), 0 Warning(s), took 206,685ms to complete.
[2018.02.16-20.18.14:925][  0]LogFileHelpers: Loading map 'Template_Default' took 92.625
[2018.02.16-20.18.15:152][  0]LogWindowsTextInputMethodSystem:Display: IME system now deactivated.
[2018.02.16-20.18.15:153][  0]LogWindowsTextInputMethodSystem:Display: IME system now deactivated.
[2018.02.16-20.18.15:664][  0]LogCollectionManager: Loaded 0 collections in 0.003388 seconds
[2018.02.16-20.18.15:952][  0]LogFileCache: Scanning file cache for directory 'C:/Users/pguardia/Documents/Unreal Projects/Terreno_01/Saved/Collections/' took 0.01s
[2018.02.16-20.18.15:952][  0]LogFileCache: Scanning file cache for directory 'C:/Users/pguardia/Documents/Unreal Projects/Terreno_01/Content/Developers/pguardia/Collections/' took 0.01s
[2018.02.16-20.18.15:952][  0]LogFileCache: Scanning file cache for directory 'C:/Users/pguardia/Documents/Unreal Projects/Terreno_01/Content/Collections/' took 0.01s
[2018.02.16-20.18.15:952][  0]LogCollectionManager: Rebuilt the GUID cache for 0 collections in 0.000004 seconds
[2018.02.16-20.18.16:009][  0]LogContentBrowser: Native class hierarchy populated in 0.0529 seconds. Added 2245 classes and 453 folders.
[2018.02.16-20.18.16:331][  0]LogContentBrowser: Native class hierarchy updated for 'WidgetCarousel' in 0.0023 seconds. Added 0 classes and 0 folders.
[2018.02.16-20.18.17:332][  0]LogContentBrowser: Native class hierarchy updated for 'AddContentDialog' in 0.0014 seconds. Added 0 classes and 0 folders.
[2018.02.16-20.18.17:550][  0]LogContentBrowser: Native class hierarchy updated for 'SceneOutliner' in 0.0011 seconds. Added 1 classes and 2 folders.
[2018.02.16-20.18.18:135][  0]LogCrashTracker: Crashtracker disabled due to settings.
[2018.02.16-20.18.18:170][  0]LogUObjectGlobals:Warning: Error al encontrar el objeto 'Class Ninguno.'
[2018.02.16-20.18.18:395][  0]LogContentBrowser: Native class hierarchy updated for 'HierarchicalLODOutliner' in 0.0012 seconds. Added 1 classes and 2 folders.
[2018.02.16-20.18.18:395][  0]LogLoad: (Engine Initialization) Total time: 152.65 seconds
[2018.02.16-20.18.18:395][  0]LogLoad: (Engine Initialization) Total Blueprint compile time: 0.35 seconds
[2018.02.16-20.18.18:395][  0]LogExternalProfiler: No external profilers were discovered.  External profiling features will not be available.
[2018.02.16-20.18.18:454][  0]LogOcInput: OculusInput pre-init called
[2018.02.16-20.18.18:772][  0]LogContentStreaming: Texture pool size now 400 MB
[2018.02.16-20.18.18:775][  0]LogSlate: Took 0.000466 seconds to synchronously load lazily loaded font '../../../Engine/Content/Slate/Fonts/Roboto-Regular.ttf' (155K)
[2018.02.16-20.18.18:806][  0]LogSlate: Took 0.000471 seconds to synchronously load lazily loaded font '../../../Engine/Content/Slate/Fonts/Roboto-Bold.ttf' (160K)
[2018.02.16-20.18.18:842][  0]LogSlate: Took 0.022231 seconds to synchronously load lazily loaded font '../../../Engine/Content/Editor/Slate/Fonts/FontAwesome.ttf' (139K)
[2018.02.16-20.18.19:188][  0]LogSlate: Took 0.029209 seconds to synchronously load lazily loaded font '../../../Engine/Content/Slate/Fonts/Roboto-Light.ttf' (159K)
[2018.02.16-20.18.19:279][  0]LogRenderer: Reallocating scene render targets to support 860x576 NumSamples 1 (Frame:2).
[2018.02.16-20.18.20:971][  2]LogAssetRegistry: Asset discovery search completed in 123.9057 seconds
[2018.02.16-20.18.20:971][  2]LogCollectionManager: Rebuilt the object cache for 0 collections in 0.000011 seconds (found 0 objects)
[2018.02.16-20.18.20:972][  2]LogCollectionManager: Fixed up redirectors for 0 collections in 0.000062 seconds (updated 0 objects)
[2018.02.16-20.19.04:394][919]LogEditorViewport: Clicking on Actor (LMB): StaticMeshActor (Floor)
[2018.02.16-22.57.14:703][150]LogEditorViewport: Clicking on Actor (LMB): StaticMeshActor (Floor)
[2018.02.16-22.57.14:780][150]LogEditorViewport: Clicking on Actor (LMB): StaticMeshActor (Floor)
[2018.02.16-22.57.17:150][221]LogWindowsTextInputMethodSystem:Display: IME system now deactivated.
[2018.02.16-22.57.17:150][221]LogWindowsTextInputMethodSystem:Display: IME system now deactivated.
[2018.02.16-22.57.17:927][222]Cmd: QUIT_EDITOR
